"../../../../../../Users/User/Documents/Unreal Projects/LockDown2/Content/Painted_Metal_Wall_OcclusionRoughnessMetallic.uasset" 0
"../../../../../../Users/User/Documents/Unreal Projects/LockDown2/Content/Assets/Animation/Act1/Whale/hujing.uasset" 1
"../../../../../../Users/User/Documents/Unreal Projects/LockDown2/Content/Assets/Animation/Act1/Whale/hujing_bump.uasset" 2
"../../../../../../Users/User/Documents/Unreal Projects/LockDown2/Content/Assets/Animation/Act1/Whale/hujing_gg.uasset" 3
"../../../../../../Users/User/Documents/Unreal Projects/LockDown2/Content/Assets/Animation/Act1/Whale/blinn1.uasset" 4
"../../../../../../Users/User/Documents/Unreal Projects/LockDown2/Content/Assets/Animation/Act1/Whale/lambert4.uasset" 5
"../../../../../../Users/User/Documents/Unreal Projects/LockDown2/Content/Assets/Animation/Act1/Whale/Whale_Default_PhysicsAsset.uasset" 6
"../../../../../../Users/User/Documents/Unreal Projects/LockDown2/Content/Assets/Animation/Act1/Whale/Whale_Default_Skeleton.uasset" 7
"../../../../../../Users/User/Documents/Unreal Projects/LockDown2/Content/Assets/Animation/Act1/Whale/Whale_Default.uasset" 8
"../../../../../../Users/User/Documents/Unreal Projects/LockDown2/Content/Assets/Audio/Blueprints_TextPop01.uasset" 9
"../../../../../../Users/User/Documents/Unreal Projects/LockDown2/Content/Assets/Audio/Blueprints_TextPop03.uasset" 10
"../../../../../../Users/User/Documents/Unreal Projects/LockDown2/Content/Assets/Audio/Text_Pop.uasset" 11
"../../../../../../Users/User/Documents/Unreal Projects/LockDown2/Content/Assets/Materials/Tileable_Textures/Metal_Finish/Metal_Finish_BaseColor.uasset" 12
"../../../../../../Users/User/Documents/Unreal Projects/LockDown2/Content/Assets/Materials/Tileable_Textures/Metal_Finish/Metal_Finish_Normal.uasset" 13
"../../../../../../Users/User/Documents/Unreal Projects/LockDown2/Content/Assets/Materials/Tileable_Textures/Metal_Finish/Metal_Finish_OcclusionRoughnessMetallic.uasset" 14
"../../../../../../Users/User/Documents/Unreal Projects/LockDown2/Content/Assets/Materials/Tileable_Textures/Metal_Finish/Metal_Finish_Tileable.uasset" 15
"../../../../../../Users/User/Documents/Unreal Projects/LockDown2/Content/Assets/Materials/Tileable_Textures/Metal_Finish/Metal_Finish_Tileable_BlueInst.uasset" 16
"../../../../../../Users/User/Documents/Unreal Projects/LockDown2/Content/Assets/Materials/Tileable_Textures/Metal_Finish/Metal_Finish_Tileable_Red_Inst.uasset" 17
"../../../../../../Users/User/Documents/Unreal Projects/LockDown2/Content/Assets/Materials/Tileable_Textures/Metal_Panel_Materials/Metal_Panel_Tileable/Painted_Metal_Wall_BaseColor.uasset" 18
"../../../../../../Users/User/Documents/Unreal Projects/LockDown2/Content/Assets/Materials/Tileable_Textures/Metal_Panel_Materials/Metal_Panel_Tileable/Painted_Metal_Wall_BaseColor_Breakup.uasset" 19
"../../../../../../Users/User/Documents/Unreal Projects/LockDown2/Content/Assets/Materials/Tileable_Textures/Metal_Panel_Materials/Metal_Panel_Tileable/Painted_Metal_Wall_Normal.uasset" 20
"../../../../../../Users/User/Documents/Unreal Projects/LockDown2/Content/Assets/Materials/Tileable_Textures/Metal_Panel_Materials/Metal_Panel_Tileable/Painted_Metal_Wall_OcclusionRoughnessMetallic.uasset" 21
"../../../../../../Users/User/Documents/Unreal Projects/LockDown2/Content/Assets/Materials/Tileable_Textures/Metal_Panel_Materials/Metal_Panel_Tileable/Metal_Panel_Tileable.uasset" 22
"../../../../../../Users/User/Documents/Unreal Projects/LockDown2/Content/Assets/Materials/Tileable_Textures/Metal_Panel_Materials/Metal_Panel_Tileable/Metal_Panel_Tileable_GreyInst.uasset" 23
"../../../../../../Users/User/Documents/Unreal Projects/LockDown2/Content/Assets/Materials/Tileable_Textures/Metal_Panel_Materials/Metal_Panel_Tileable/Metal_Panel_Tileable_LightGreyInst_Inst.uasset" 24
"../../../../../../Users/User/Documents/Unreal Projects/LockDown2/Content/Assets/Materials/Tileable_Textures/Metal_Panel_Materials/Metal_Panel_Tileable/Metal_Panel_Tileable_Light_Beige_Inst.uasset" 25
"../../../../../../Users/User/Documents/Unreal Projects/LockDown2/Content/Assets/Materials/Tileable_Textures/Metal_Panel_Materials/Metal_Panel_Trim/Painted_Metal_Trim_BaseColor.uasset" 26
"../../../Engine/Content/Functions/Engine_MaterialFunctions01/Opacity/CameraDepthFade.uasset" 27
"../../../Engine/Content/EngineMaterials/T_Default_Material_Grid_M.uasset" 28
"../../../Engine/Content/EngineMaterials/T_Default_Material_Grid_N.uasset" 29
"../../../Engine/Content/EngineMaterials/WorldGridMaterial.uasset" 30
"../../../../../../Users/User/Documents/Unreal Projects/LockDown2/Content/Assets/Materials/Tileable_Textures/Metal_Panel_Materials/Metal_Panel_Tileable/Metal_Panel_Tileable_Green_Inst.uasset" 31
"../../../../../../Users/User/Documents/Unreal Projects/LockDown2/Content/Assets/ModularPieces/Wall_Meshes/Doors/Door_01.uasset" 32
"../../../../../../Users/User/Documents/Unreal Projects/LockDown2/Content/Assets/ModularPieces/Wall_Meshes/Doors/Door_Hallway.uasset" 33
"../../../../../../Users/User/Documents/Unreal Projects/LockDown2/Content/Assets/ModularPieces/Wall_Meshes/Doors/Door_Locker.uasset" 34
"../../../../../../Users/User/Documents/Unreal Projects/LockDown2/Content/Assets/Materials/Tileable_Textures/Metal_Panel_Materials/Metal_Panel_Trim/Painted_Metal_Trim_Normal.uasset" 35
"../../../../../../Users/User/Documents/Unreal Projects/LockDown2/Content/Assets/Materials/Tileable_Textures/Metal_Panel_Materials/Metal_Panel_Trim/Painted_Metal_Trim_OcclusionRoughnessMetallic.uasset" 36
"../../../../../../Users/User/Documents/Unreal Projects/LockDown2/Content/Assets/Materials/Tileable_Textures/Metal_Panel_Materials/Metal_Panel_Trim/Metal_Panel_Trim.uasset" 37
"../../../../../../Users/User/Documents/Unreal Projects/LockDown2/Content/Assets/Materials/Tileable_Textures/Metal_Panel_Materials/Metal_Panel_Trim/Metal_Panel_Trim_GreenInst.uasset" 38
"../../../../../../Users/User/Documents/Unreal Projects/LockDown2/Content/Assets/ModularPieces/Wall_Meshes/Doors/Elevator_Door_Left.uasset" 39
"../../../../../../Users/User/Documents/Unreal Projects/LockDown2/Content/Assets/ModularPieces/Wall_Meshes/Doors/Elevator_Door_Right.uasset" 40
"../../../../../../Users/User/Documents/Unreal Projects/LockDown2/Content/Assets/Materials/Decal_Sheets/Medical_Decal_Sheet/Medical_Decal_Sheet_BaseColor.uasset" 41
"../../../../../../Users/User/Documents/Unreal Projects/LockDown2/Content/Assets/Materials/Decal_Sheets/Medical_Decal_Sheet/Medical_Decal_Sheet_Emissive.uasset" 42
"../../../../../../Users/User/Documents/Unreal Projects/LockDown2/Content/Assets/Materials/Decal_Sheets/Medical_Decal_Sheet/Medical_Decal_Sheet_Normal.uasset" 43
"../../../../../../Users/User/Documents/Unreal Projects/LockDown2/Content/Assets/Materials/Decal_Sheets/Medical_Decal_Sheet/Medical_Decal_Sheet_OcclusionRoughnessMetallic.uasset" 44
"../../../../../../Users/User/Documents/Unreal Projects/LockDown2/Content/Assets/Materials/Decal_Sheets/Medical_Decal_Sheet/Medical_Decal_Sheet_Opacity.uasset" 45
"../../../../../../Users/User/Documents/Unreal Projects/LockDown2/Content/Assets/Materials/Decal_Sheets/Medical_Decal_Sheet/Medical_Decal_Sheet.uasset" 46
"../../../../../../Users/User/Documents/Unreal Projects/LockDown2/Content/Assets/Materials/Tileable_Textures/Plastic/Plastic_Material_BaseColor.uasset" 47
"../../../../../../Users/User/Documents/Unreal Projects/LockDown2/Content/Assets/Materials/Tileable_Textures/Plastic/Plastic_Material_Normal.uasset" 48
"../../../../../../Users/User/Documents/Unreal Projects/LockDown2/Content/Assets/Materials/Tileable_Textures/Plastic/Plastic_Material_OcclusionRoughnessMetallic.uasset" 49
"../../../../../../Users/User/Documents/Unreal Projects/LockDown2/Content/Assets/Materials/Tileable_Textures/Plastic/Plastic_base.uasset" 50
"../../../../../../Users/User/Documents/Unreal Projects/LockDown2/Content/Assets/Materials/Tileable_Textures/Plastic/Plastic_Black_Inst.uasset" 51
"../../../../../../Users/User/Documents/Unreal Projects/LockDown2/Content/Assets/Materials/Tileable_Textures/Plastic/Plastic_Dark_Inst.uasset" 52
"../../../../../../Users/User/Documents/Unreal Projects/LockDown2/Content/Assets/Materials/Tileable_Textures/Plastic/Plastic_Orange_Inst.uasset" 53
"../../../../../../Users/User/Documents/Unreal Projects/LockDown2/Content/Assets/Props/Electronic_Equipment/Coffee_Machine.uasset" 54
"../../../../../../Users/User/Documents/Unreal Projects/LockDown2/Content/Assets/Props/Whale/WhaleAnims/SwimAnim/blinn1.uasset" 55
"../../../../../../Users/User/Documents/Unreal Projects/LockDown2/Content/Assets/Props/Whale/WhaleAnims/SwimAnim/lambert4.uasset" 56
"../../../../../../Users/User/Documents/Unreal Projects/LockDown2/Content/Assets/Props/Whale/WhaleAnims/SwimAnim/Whale_Swimming_PhysicsAsset.uasset" 57
"../../../../../../Users/User/Documents/Unreal Projects/LockDown2/Content/Assets/Props/Whale/WhaleMesh/Whale_Default__2__Skeleton.uasset" 58
"../../../../../../Users/User/Documents/Unreal Projects/LockDown2/Content/Assets/Props/Whale/WhaleAnims/SwimAnim/Whale_Swimming.uasset" 59
"../../../../../../Users/User/Documents/Unreal Projects/LockDown2/Content/Assets/Props/Whale/WhaleAnims/SwimAnim/Whale_Swimming_Anim.uasset" 60
"../../../../../../Users/User/Documents/Unreal Projects/LockDown2/Content/Assets/Props/Whale/WhaleMesh/blinn1.uasset" 61
"../../../../../../Users/User/Documents/Unreal Projects/LockDown2/Content/Assets/Props/Whale/WhaleMesh/lambert4.uasset" 62
"../../../../../../Users/User/Documents/Unreal Projects/LockDown2/Content/Assets/Props/Whale/WhaleMesh/Whale_Default__2__PhysicsAsset.uasset" 63
"../../../../../../Users/User/Documents/Unreal Projects/LockDown2/Content/Assets/Props/Whale/WhaleMesh/Whale_Default__2_.uasset" 64
"../../../../../../Users/User/Documents/Unreal Projects/LockDown2/Content/FirstPerson/Character/Textures/UE4_LOGO_CARD.uasset" 65
"../../../../../../Users/User/Documents/Unreal Projects/LockDown2/Content/FirstPerson/FPWeapon/Materials/MaterialLayers/ML_Plastic_Shiny_Beige_LOGO.uasset" 66
"../../../../../../Users/User/Documents/Unreal Projects/LockDown2/Content/FirstPerson/FPWeapon/Materials/MaterialLayers/T_ML_FineRubber.uasset" 67
"../../../../../../Users/User/Documents/Unreal Projects/LockDown2/Content/FirstPerson/FPWeapon/Mesh/SK_FPGun_PhysicsAsset.uasset" 68
"../../../../../../Users/User/Documents/Unreal Projects/LockDown2/Content/FirstPerson/Textures/FirstPersonCrosshair.uasset" 69
"../../../../../../Users/User/Documents/Unreal Projects/LockDown2/Content/FirstPerson/Meshes/BaseMaterial.uasset" 70
"../../../../../../Users/User/Documents/Unreal Projects/LockDown2/Content/FirstPerson/Meshes/FirstPersonProjectileMaterial.uasset" 71
"../../../../../../Users/User/Documents/Unreal Projects/LockDown2/Content/FirstPerson/Meshes/FirstPersonProjectileMesh.uasset" 72
"../../../../../../Users/User/Documents/Unreal Projects/LockDown2/Content/FirstPersonCPP/Blueprints/FirstPersonProjectile.uasset" 73
"../../../../../../Users/User/Documents/Unreal Projects/LockDown2/Content/Geometry/Meshes/CubeMaterial.uasset" 74
"../../../../../../Users/User/Documents/Unreal Projects/LockDown2/Content/Geometry/Meshes/TemplateFloor.uasset" 75
"../../../../../../Users/User/Documents/Unreal Projects/LockDown2/Content/MapMeshes/Material__28.uasset" 76
"../../../../../../Users/User/Documents/Unreal Projects/LockDown2/Content/MapMeshes/Map/Material__2236.uasset" 77
"../../../../../../Users/User/Documents/Unreal Projects/LockDown2/Content/MapMeshes/Map/Material__25.uasset" 78
"../../../../../../Users/User/Documents/Unreal Projects/LockDown2/Content/MapMeshes/Map/Material__26.uasset" 79
"../../../../../../Users/User/Documents/Unreal Projects/LockDown2/Content/MapMeshes/Map/Material__366.uasset" 80
"../../../../../../Users/User/Documents/Unreal Projects/LockDown2/Content/MapMeshes/Map/Material__437.uasset" 81
"../../../../../../Users/User/Documents/Unreal Projects/LockDown2/Content/MapMeshes/Map/Material__437_ncl1_1.uasset" 82
"../../../../../../Users/User/Documents/Unreal Projects/LockDown2/Content/MapMeshes/Map/Act1_Blockout_v1_7.uasset" 83
"../../../../../../Users/User/Documents/Unreal Projects/LockDown2/Content/MapMeshes/Map/Act1_Blockout_v1_8.uasset" 84
"../../../../../../Users/User/Documents/Unreal Projects/LockDown2/Content/StarterContent/Materials/M_Basic_Wall.uasset" 85
"../../../../../../Users/User/Documents/Unreal Projects/LockDown2/Content/StarterContent/Architecture/Pillar_50x500.uasset" 86
"../../../../../../Users/User/Documents/Unreal Projects/LockDown2/Content/StarterContent/Architecture/Wall_400x300.uasset" 87
"../../../../../../Users/User/Documents/Unreal Projects/LockDown2/Content/StarterContent/Architecture/Wall_400x400.uasset" 88
"../../../../../../Users/User/Documents/Unreal Projects/LockDown2/Content/StarterContent/Architecture/Wall_500x500.uasset" 89
"../../../../../../Users/User/Documents/Unreal Projects/LockDown2/Content/StarterContent/Architecture/Wall_Door_400x400.uasset" 90
"../../../../../../Users/User/Documents/Unreal Projects/LockDown2/Content/StarterContent/Architecture/Wall_Window_400x400.uasset" 91
"../../../../../../Users/User/Documents/Unreal Projects/LockDown2/Content/StarterContent/Audio/Collapse01.uasset" 92
"../../../../../../Users/User/Documents/Unreal Projects/LockDown2/Content/StarterContent/Audio/Collapse02.uasset" 93
"../../../../../../Users/User/Documents/Unreal Projects/LockDown2/Content/StarterContent/Audio/Explosion01.uasset" 94
"../../../../../../Users/User/Documents/Unreal Projects/LockDown2/Content/StarterContent/Audio/Explosion02.uasset" 95
"../../../../../../Users/User/Documents/Unreal Projects/LockDown2/Content/StarterContent/Audio/Fire01.uasset" 96
"../../../../../../Users/User/Documents/Unreal Projects/LockDown2/Content/StarterContent/Audio/Fire_Sparks01.uasset" 97
"../../../../../../Users/User/Documents/Unreal Projects/LockDown2/Content/StarterContent/Audio/Light01.uasset" 98
"../../../../../../Users/User/Documents/Unreal Projects/LockDown2/Content/StarterContent/Audio/Light01_Cue.uasset" 99
"../../../../../../Users/User/Documents/Unreal Projects/LockDown2/Content/StarterContent/Audio/Light02.uasset" 100
"../../../../../../Users/User/Documents/Unreal Projects/LockDown2/Content/StarterContent/Audio/Light02_Cue.uasset" 101
"../../../../../../Users/User/Documents/Unreal Projects/LockDown2/Content/StarterContent/Audio/Smoke01.uasset" 102
"../../../../../../Users/User/Documents/Unreal Projects/LockDown2/Content/StarterContent/Audio/Starter_Birds01.uasset" 103
"../../../../../../Users/User/Documents/Unreal Projects/LockDown2/Content/StarterContent/Audio/Starter_Music01.uasset" 104
"../../../../../../Users/User/Documents/Unreal Projects/LockDown2/Content/StarterContent/Audio/Starter_Wind05.uasset" 105
"../../../../../../Users/User/Documents/Unreal Projects/LockDown2/Content/StarterContent/Audio/Starter_Wind06.uasset" 106
"../../../../../../Users/User/Documents/Unreal Projects/LockDown2/Content/StarterContent/Audio/Steam01.uasset" 107
"../../../../../../Users/User/Documents/Unreal Projects/LockDown2/Content/StarterContent/Audio/Explosion_Cue.uasset" 108
"../../../../../../Users/User/Documents/Unreal Projects/LockDown2/Content/StarterContent/Textures/T_Burst_M.uasset" 109
"../../../../../../Users/User/Documents/Unreal Projects/LockDown2/Content/StarterContent/Particles/Materials/M_Burst.uasset" 110
"../../../../../../Users/User/Documents/Unreal Projects/LockDown2/Content/StarterContent/Textures/T_Explosion_SubUV.uasset" 111
"../../../../../../Users/User/Documents/Unreal Projects/LockDown2/Content/StarterContent/Particles/Materials/M_explosion_subUV.uasset" 112
"../../../../../../Users/User/Documents/Unreal Projects/LockDown2/Content/StarterContent/Particles/Materials/m_flare_01.uasset" 113
"../../../Engine/Content/Functions/Engine_MaterialFunctions01/Gradient/RadialGradient.uasset" 114
"../../../../../../Users/User/Documents/Unreal Projects/LockDown2/Content/StarterContent/Particles/Materials/M_radial_ramp.uasset" 115
"../../../../../../Users/User/Documents/Unreal Projects/LockDown2/Content/StarterContent/Textures/T_Smoke_SubUV.uasset" 116
"../../../../../../Users/User/Documents/Unreal Projects/LockDown2/Content/StarterContent/Textures/T_Smoke_Tiled_D.uasset" 117
"../../../../../../Users/User/Documents/Unreal Projects/LockDown2/Content/StarterContent/Particles/Materials/M_smoke_subUV.uasset" 118
"../../../../../../Users/User/Documents/Unreal Projects/LockDown2/Content/StarterContent/Particles/P_Explosion.uasset" 119
"../../../../../../Users/User/Documents/Unreal Projects/LockDown2/Content/StarterContent/Blueprints/Blueprint_Effect_Explosion.uasset" 120
"../../../Engine/Content/EditorMeshes/ColorCalibrator/T_ColorGrid.uasset" 121
"../../../../../../Users/User/Documents/Unreal Projects/LockDown2/Content/StarterContent/Materials/M_ColorGrid_LowSpec.uasset" 122
"../../../../../../Users/User/Documents/Unreal Projects/LockDown2/Content/StarterContent/Materials/M_Glass.uasset" 123
"../../../../../../Users/User/Documents/Unreal Projects/LockDown2/Content/StarterContent/Textures/T_Door_M.uasset" 124
"../../../../../../Users/User/Documents/Unreal Projects/LockDown2/Content/StarterContent/Textures/T_Door_N.uasset" 125
"../../../../../../Users/User/Documents/Unreal Projects/LockDown2/Content/StarterContent/Props/Materials/M_Door.uasset" 126
"../../../../../../Users/User/Documents/Unreal Projects/LockDown2/Content/StarterContent/Props/SM_Door.uasset" 127
"../../../../../../Users/User/Documents/Unreal Projects/LockDown2/Content/StarterContent/Props/Materials/M_MaterialSphere.uasset" 128
"../../../../../../Users/User/Documents/Unreal Projects/LockDown2/Content/StarterContent/Props/Materials/M_MaterialSphere_Plain.uasset" 129
"../../../../../../Users/User/Documents/Unreal Projects/LockDown2/Content/StarterContent/Props/SM_MatPreviewMesh_02.uasset" 130
"../../../Engine/Content/Functions/Engine_MaterialFunctions02/Utility/BlendAngleCorrectedNormals.uasset" 131
"../../../../../../Users/User/Documents/Unreal Projects/LockDown2/Content/StarterContent/Textures/T_Detail_Rocky_N.uasset" 132
"../../../../../../Users/User/Documents/Unreal Projects/LockDown2/Content/StarterContent/Textures/T_Rock_Basalt_D.uasset" 133
"../../../../../../Users/User/Documents/Unreal Projects/LockDown2/Content/StarterContent/Textures/T_RockMesh_M.uasset" 134
"../../../../../../Users/User/Documents/Unreal Projects/LockDown2/Content/StarterContent/Textures/T_RockMesh_N.uasset" 135
"../../../../../../Users/User/Documents/Unreal Projects/LockDown2/Content/StarterContent/Props/Materials/M_Rock.uasset" 136
"../../../../../../Users/User/Documents/Unreal Projects/LockDown2/Content/StarterContent/Props/SM_Rock.uasset" 137
"../../../../../../Users/User/Documents/Unreal Projects/LockDown2/Content/StarterContent/Materials/M_Basic_Floor.uasset" 138
"../../../../../../Users/User/Documents/Unreal Projects/LockDown2/Content/StarterContent/Props/SM_Stairs.uasset" 139
"../../../../../../Users/User/Documents/Unreal Projects/LockDown2/Content/StarterContent/Shapes/Shape_Cone.uasset" 140
"../../../../../../Users/User/Documents/Unreal Projects/LockDown2/Content/StarterContent/Shapes/Shape_Cylinder.uasset" 141
"../../../../../../Users/User/Documents/Unreal Projects/LockDown2/Content/StarterContent/Shapes/Shape_NarrowCapsule.uasset" 142
"../../../../../../Users/User/Documents/Unreal Projects/LockDown2/Content/StarterContent/Shapes/Shape_Pipe.uasset" 143
"../../../../../../Users/User/Documents/Unreal Projects/LockDown2/Content/StarterContent/Shapes/Shape_Pipe_180.uasset" 144
"../../../../../../Users/User/Documents/Unreal Projects/LockDown2/Content/StarterContent/Shapes/Shape_Pipe_90.uasset" 145
"../../../../../../Users/User/Documents/Unreal Projects/LockDown2/Content/StarterContent/Shapes/Shape_Plane.uasset" 146
"../../../../../../Users/User/Documents/Unreal Projects/LockDown2/Content/StarterContent/Shapes/Shape_Torus.uasset" 147
"../../../../../../Users/User/Documents/Unreal Projects/LockDown2/Content/StarterContent/Shapes/Shape_Trim.uasset" 148
"../../../../../../Users/User/Documents/Unreal Projects/LockDown2/Content/StarterContent/Shapes/Shape_Trim_90_In.uasset" 149
"../../../../../../Users/User/Documents/Unreal Projects/LockDown2/Content/StarterContent/Shapes/Shape_Trim_90_Out.uasset" 150
"../../../../../../Users/User/Documents/Unreal Projects/LockDown2/Content/StarterContent/Shapes/Shape_TriPyramid.uasset" 151
"../../../../../../Users/User/Documents/Unreal Projects/LockDown2/Content/StarterContent/Shapes/Shape_Tube.uasset" 152
"../../../../../../Users/User/Documents/Unreal Projects/LockDown2/Content/StarterContent/Shapes/Shape_Wedge_A.uasset" 153
"../../../../../../Users/User/Documents/Unreal Projects/LockDown2/Content/StarterContent/Shapes/Shape_Wedge_B.uasset" 154
"../../../../../../Users/User/Documents/Unreal Projects/LockDown2/Content/StarterContent/Shapes/Shape_WideCapsule.uasset" 155
"../../../../../../Users/User/Documents/Unreal Projects/LockDown2/Content/TestFolder/Hospial_Bed.uasset" 156
"../../../Engine/Content/ArtTools/RenderToTexture/Meshes/S_1_Unit_Plane.uasset" 157
"../../../Engine/Content/BasicShapes/Plane.uasset" 158
"../../../Engine/Content/EditorLandscapeResources/DataLayer.uasset" 159
"../../../Engine/Content/EditorMaterials/GizmoMaterial.uasset" 160
"../../../Engine/Content/EditorMaterials/MAT_Groups_Toggle.uasset" 161
"../../../Engine/Content/EditorMaterials/MAT_Groups_Visibility.uasset" 162
"../../../Engine/Content/EditorMaterials/PreviewShadowIndicator.uasset" 163
"../../../Engine/Content/EditorMaterials/PreviewShadowIndicatorMaterial.uasset" 164
"../../../Engine/Content/EditorMaterials/MatineeGroups/MAT_ColorTrack.uasset" 165
"../../../Engine/Content/EditorMaterials/MatineeGroups/MAT_Groups_Anim.uasset" 166
"../../../Engine/Content/EditorMaterials/MatineeGroups/MAT_Groups_AudioMaster.uasset" 167
"../../../Engine/Content/EditorMaterials/MatineeGroups/MAT_Groups_Director.uasset" 168
"../../../Engine/Content/EditorMaterials/MatineeGroups/MAT_Groups_Event.uasset" 169
"../../../Engine/Content/EditorMaterials/MatineeGroups/MAT_Groups_Fade.uasset" 170
"../../../Engine/Content/EditorMaterials/MatineeGroups/MAT_Groups_Float.uasset" 171
"../../../Engine/Content/EditorMaterials/MatineeGroups/MAT_Groups_Move.uasset" 172
"../../../Engine/Content/EditorMaterials/MatineeGroups/MAT_Groups_Slomo.uasset" 173
"../../../Engine/Content/EditorMaterials/MatineeGroups/MAT_Groups_Sound.uasset" 174
"../../../Engine/Content/EditorMaterials/MatineeGroups/MAT_Groups_Vector.uasset" 175
"../../../Engine/Content/EditorMaterials/ParticleSystems/PSysThumbnail_NoImage.uasset" 176
"../../../Engine/Content/EditorMaterials/ParticleSystems/PSysThumbnail_OOD.uasset" 177
"../../../Engine/Content/EditorMaterials/Camera/CineMat.uasset" 178
"../../../Engine/Content/EditorMaterials/Camera/MI_CineMat_Rig.uasset" 179
"../../../Engine/Content/EditorMeshes/Camera/SM_CraneRig_Arm.uasset" 180
"../../../Engine/Content/EditorMeshes/Camera/SM_CraneRig_Base.uasset" 181
"../../../Engine/Content/EditorMeshes/Camera/SM_CraneRig_Body.uasset" 182
"../../../Engine/Content/EditorMeshes/Camera/SM_CraneRig_Mount.uasset" 183
"../../../Engine/Content/EditorMeshes/Camera/SM_RailRig_Mount.uasset" 184
"../../../Engine/Content/EditorMeshes/Camera/SM_RailRig_Track.uasset" 185
"../../../Engine/Content/EditorResources/BSPVertex.uasset" 186
"../../../Engine/Content/EditorResources/EmptyActor.uasset" 187
"../../../Engine/Content/EditorResources/S_Actor.uasset" 188
"../../../Engine/Content/EditorResources/S_Trigger.uasset" 189
"../../../Engine/Content/EditorResources/AudioIcons/S_AudioComponent.uasset" 190
"../../../Engine/Content/EditorResources/AudioIcons/S_AudioComponent_AutoActivate.uasset" 191
"../../../Engine/Content/EditorResources/LightIcons/S_LightError.uasset" 192
"../../../Engine/Content/EditorResources/SequenceRecorder/Countdown.uasset" 193
"../../../Engine/Content/EditorResources/SequenceRecorder/RecordingIndicator.uasset" 194
"../../../Engine/Content/EditorSounds/Notifications/CompileFailed.uasset" 195
"../../../Engine/Content/EditorSounds/Notifications/CompileFailed_Cue.uasset" 196
"../../../Engine/Content/EditorSounds/Notifications/CompileSuccess.uasset" 197
"../../../Engine/Content/EditorSounds/Notifications/CompileStart_Cue.uasset" 198
"../../../Engine/Content/EditorSounds/Notifications/CompileSuccess_Cue.uasset" 199
"../../../Engine/Content/EngineDamageTypes/DmgTypeBP_Environmental.uasset" 200
"../../../Engine/Content/EngineDebugMaterials/HeatmapGradient.uasset" 201
"../../../Engine/Content/EngineDebugMaterials/BoneWeightMaterial.uasset" 202
"../../../Engine/Content/EngineDebugMaterials/ClothMaterial.uasset" 203
"../../../Engine/Content/EngineDebugMaterials/ClothMaterial_WF.uasset" 204
"../../../Engine/Content/EngineDebugMaterials/DebugEditorMaterial.uasset" 205
"../../../Engine/Content/EngineDebugMaterials/DebugMeshMaterial.uasset" 206
"../../../Engine/Content/EngineDebugMaterials/GeomMaterial.uasset" 207
"../../../Engine/Content/EngineDebugMaterials/M_SimpleTranslucent.uasset" 208
"../../../Engine/Content/EngineFonts/Faces/RobotoBold.uasset" 209
"../../../Engine/Content/EngineFonts/Faces/RobotoBoldItalic.uasset" 210
"../../../Engine/Content/EngineFonts/Faces/RobotoItalic.uasset" 211
"../../../Engine/Content/EngineFonts/Faces/RobotoLight.uasset" 212
"../../../Engine/Content/EngineFonts/Faces/RobotoRegular.uasset" 213
"../../../Engine/Content/EngineFonts/Roboto.uasset" 214
"../../../Engine/Content/EngineFonts/Faces/RobotoTiny.uasset" 215
"../../../Engine/Content/EngineFonts/RobotoTiny.uasset" 216
"../../../Engine/Content/EngineMaterials/BaseFlattenDiffuseMap.uasset" 217
"../../../Engine/Content/EngineMaterials/BaseFlattenEmissiveMap.uasset" 218
"../../../Engine/Content/EngineMaterials/BaseFlattenGrayscaleMap.uasset" 219
"../../../Engine/Content/EngineMaterials/BaseFlattenNormalMap.uasset" 220
"../../../Engine/Content/EngineMaterials/BaseFlattenMaterial.uasset" 221
"../../../Engine/Content/EngineMaterials/DefaultBloomKernel.uasset" 222
"../../../Engine/Content/EngineMaterials/DefaultBokeh.uasset" 223
"../../../Engine/Content/EngineMaterials/DefaultDiffuse.uasset" 224
"../../../Engine/Content/EngineMaterials/DefaultDeferredDecalMaterial.uasset" 225
"../../../Engine/Content/EngineMaterials/DefaultLightFunctionMaterial.uasset" 226
"../../../Engine/Content/EngineMaterials/DefaultPhysicalMaterial.uasset" 227
"../../../Engine/Content/Functions/Engine_MaterialFunctions02/Utility/BreakOutFloat2Components.uasset" 228
"../../../Engine/Content/EngineMaterials/DefaultPostProcessMaterial.uasset" 229
"../../../Engine/Content/EngineFonts/RobotoDistanceField.uasset" 230
"../../../Engine/Content/EngineMaterials/DefaultTextMaterialOpaque.uasset" 231
"../../../Engine/Content/EngineMaterials/DefaultWhiteGrid.uasset" 232
"../../../Engine/Content/EngineMaterials/EditorBrushMaterial.uasset" 233
"../../../Engine/Content/EngineMaterials/Good64x64TilingNoiseHighFreq.uasset" 234
"../../../Engine/Content/EngineMaterials/MiniFont.uasset" 235
"../../../Engine/Content/EngineMaterials/InvalidLightmapSettings.uasset" 236
"../../../Engine/Content/EngineMaterials/M_InvalidLightmapSettings.uasset" 237
"../../../Engine/Content/Functions/Engine_MaterialFunctions02/WorldPositionOffset/CameraOffset.uasset" 238
"../../../Engine/Content/EngineMaterials/PhAT_JointLimitMaterial.uasset" 239
"../../../Engine/Content/EngineMaterials/PreintegratedSkinBRDF.uasset" 240
"../../../Engine/Content/EngineMaterials/RemoveSurfaceMaterial.uasset" 241
"../../../Engine/Content/EngineMaterials/WeightMapPlaceholderTexture.uasset" 242
"../../../Engine/Content/EngineResources/WhiteSquareTexture.uasset" 243
"../../../Engine/Content/EngineMaterials/Widget3DPassThrough.uasset" 244
"../../../Engine/Content/EngineMaterials/Widget3DPassThrough_Masked.uasset" 245
"../../../Engine/Content/EngineMaterials/Widget3DPassThrough_Opaque.uasset" 246
"../../../Engine/Content/EngineMaterials/Widget3DPassThrough_Masked_OneSided.uasset" 247
"../../../Engine/Content/EngineMaterials/Widget3DPassThrough_Opaque_OneSided.uasset" 248
"../../../Engine/Content/EngineMaterials/Widget3DPassThrough_Translucent.uasset" 249
"../../../Engine/Content/EngineMaterials/Widget3DPassThrough_Translucent_OneSided.uasset" 250
"../../../Engine/Content/EngineMaterials/DefaultMaterial.uasset" 251
"../../../Engine/Content/EngineMeshes/Cylinder.uasset" 252
"../../../Engine/Content/EngineMeshes/Sphere.uasset" 253
"../../../Engine/Content/EngineResources/Black.uasset" 254
"../../../Engine/Content/EngineResources/DefaultTexture.uasset" 255
"../../../Engine/Content/EngineResources/DefaultTextureCube.uasset" 256
"../../../Engine/Content/EngineResources/DefaultVolumeTexture2D.uasset" 257
"../../../Engine/Content/EngineResources/DefaultVolumeTexture.uasset" 258
"../../../Engine/Content/EngineResources/GradientTexture0.uasset" 259
"../../../Engine/Content/EngineSounds/Master.uasset" 260
"../../../Engine/Content/Functions/Engine_MaterialFunctions01/Shading/ConvertFromDiffSpec.uasset" 261
"../../../Engine/Content/Functions/Engine_MaterialFunctions01/Shading/PowerToRoughness.uasset" 262
"../../../Engine/Content/Maps/Templates/Thumbnails/Default.uasset" 263
"../../../Engine/Content/Maps/Templates/Thumbnails/VR-Basic.uasset" 264
"../../../Engine/Content/MobileResources/T_MobileControls_texture.uasset" 265
"../../../Engine/Content/MobileResources/T_MobileMenu2.uasset" 266
"../../../Engine/Content/MobileResources/HUD/AnalogHat.uasset" 267
"../../../Engine/Content/MobileResources/HUD/VirtualJoystick_Background.uasset" 268
"../../../Engine/Content/MobileResources/HUD/VirtualJoystick_Thumb.uasset" 269
"../../../Engine/Content/MobileResources/HUD/DefaultVirtualJoysticks.uasset" 270
"../../../Engine/Content/MobileResources/HUD/LeftVirtualJoystickOnly.uasset" 271
"../../../Engine/Content/MobileResources/HUD/MobileHUDButton1_off.uasset" 272
"../../../Engine/Content/MobileResources/HUD/MobileHUDButton1_on.uasset" 273
"../../../Engine/Content/MobileResources/HUD/MobileHUDButton2_off.uasset" 274
"../../../Engine/Content/MobileResources/HUD/MobileHUDButton2_on.uasset" 275
"../../../Engine/Content/MobileResources/HUD/MobileHUDButton3.uasset" 276
"../../../Engine/Content/MobileResources/HUD/MobileHUDButtonFire.uasset" 277
"../../../Engine/Content/MobileResources/HUD/MobileHUDDirectionPad.uasset" 278
"../../../Engine/Content/MobileResources/HUD/MobileHUDDirectionPad2.uasset" 279
"../../../Engine/Content/MobileResources/HUD/MobileHUDDirectionPad3.uasset" 280
"../../../Engine/Content/MobileResources/HUD/MobileHUDDirectionStick.uasset" 281
"../../../Engine/Content/MobileResources/HUD/T_Castle_ThumbstickInner.uasset" 282
"../../../Engine/Content/MobileResources/HUD/T_Castle_ThumbstickOutter.uasset" 283
"../../../Engine/Content/Tutorial/ContentIntroCurve.uasset" 284
"../../../Engine/Content/VREditor/LaserPointer/VR_LaserPower_01.uasset" 285
"../../../Engine/Content/VREditor/TransformGizmo/TransformGizmoMaterial.uasset" 286
"../../../Engine/Content/VREditor/TransformGizmo/TranslucentTransformGizmoMaterial.uasset" 287
"../../../Engine/Content/VREditor/TransformGizmo/BoundingBoxCorner.uasset" 288
"../../../Engine/Content/VREditor/TransformGizmo/BoundingBoxEdge.uasset" 289
"../../../Engine/Content/VREditor/TransformGizmo/PlaneTranslationHandle.uasset" 290
"../../../Engine/Content/VREditor/TransformGizmo/Main.uasset" 291
"../../../Engine/Content/VREditor/TransformGizmo/Xray.uasset" 292
"../../../Engine/Content/VREditor/TransformGizmo/SM_Sequencer_Key.uasset" 293
"../../../Engine/Content/VREditor/TransformGizmo/SM_Sequencer_Node.uasset" 294
"../../Plugins/2D/Paper2D/Content/PlaceholderTextures/DummySpriteTexture.uasset" 295
"../../Plugins/2D/Paper2D/Content/DummySprite.uasset" 296
"../../Plugins/2D/Paper2D/Content/DefaultPaperTerrainMaterial.uasset" 297
"../../Plugins/2D/Paper2D/Content/DefaultSpriteMaterial.uasset" 298
"../../Plugins/2D/Paper2D/Content/MaskedUnlitSpriteMaterial.uasset" 299
"../../Plugins/2D/Paper2D/Content/OpaqueUnlitSpriteMaterial.uasset" 300
"../../Plugins/Runtime/Oculus/OculusVR/Content/Materials/PokeAHoleMaterial.uasset" 301
"../../Plugins/Runtime/Oculus/OculusVR/Content/Textures/GearVRController_AO.uasset" 302
"../../Plugins/Runtime/Oculus/OculusVR/Content/Textures/GearVRController_Color.uasset" 303
"../../Plugins/Runtime/Oculus/OculusVR/Content/Textures/GearVRController_Normal.uasset" 304
"../../Plugins/Runtime/Oculus/OculusVR/Content/Materials/GearVRControllerMaterial.uasset" 305
"../../Plugins/Runtime/Oculus/OculusVR/Content/Meshes/GearVrController.uasset" 306
"../../Plugins/Runtime/Oculus/OculusVR/Content/Textures/touchController_albedo.uasset" 307
"../../Plugins/Runtime/Oculus/OculusVR/Content/Textures/touchController_controlmap.uasset" 308
"../../Plugins/Runtime/Oculus/OculusVR/Content/Materials/touchController_mat.uasset" 309
"../../Plugins/Runtime/Oculus/OculusVR/Content/Meshes/LeftTouchController.uasset" 310
"../../Plugins/Runtime/Oculus/OculusVR/Content/Meshes/RiftHMD.uasset" 311
"../../Plugins/Runtime/Oculus/OculusVR/Content/Meshes/RightTouchController.uasset" 312
"../../../../../../Users/User/Documents/Unreal Projects/LockDown2/Content/FirstPerson/Character/Mesh/SK_Mannequin_Arms_Skeleton.uasset" 313
"../../../../../../Users/User/Documents/Unreal Projects/LockDown2/Content/FirstPerson/Animations/FirstPerson_Idle.uasset" 314
"../../../../../../Users/User/Documents/Unreal Projects/LockDown2/Content/FirstPerson/Animations/FirstPerson_JumpEnd.uasset" 315
"../../../../../../Users/User/Documents/Unreal Projects/LockDown2/Content/FirstPerson/Animations/FirstPerson_JumpLoop.uasset" 316
"../../../../../../Users/User/Documents/Unreal Projects/LockDown2/Content/FirstPerson/Animations/FirstPerson_JumpStart.uasset" 317
"../../../../../../Users/User/Documents/Unreal Projects/LockDown2/Content/FirstPerson/Animations/FirstPerson_Run.uasset" 318
"../../../Engine/Content/EditorBlueprintResources/StandardMacros.uasset" 319
"../../../../../../Users/User/Documents/Unreal Projects/LockDown2/Content/FirstPerson/Animations/FirstPerson_AnimBP.uasset" 320
"../../../Engine/Content/Functions/MaterialLayerFunctions/MatLayerBlend_NormalBlend.uasset" 321
"../../../Engine/Content/Functions/MaterialLayerFunctions/MatLayerBlend_Simple.uasset" 322
"../../../../../../Users/User/Documents/Unreal Projects/LockDown2/Content/FirstPerson/Character/Materials/MaterialLayers/T_ML_Rubber_Blue_01_D.uasset" 323
"../../../../../../Users/User/Documents/Unreal Projects/LockDown2/Content/FirstPerson/Character/Materials/MaterialLayers/T_ML_Rubber_Blue_01_N.uasset" 324
"../../../../../../Users/User/Documents/Unreal Projects/LockDown2/Content/FirstPerson/Character/Materials/MaterialLayers/ML_GlossyBlack_Latex_UE4.uasset" 325
"../../../../../../Users/User/Documents/Unreal Projects/LockDown2/Content/FirstPerson/Character/Materials/MaterialLayers/ML_Plastic_Shiny_Beige.uasset" 326
"../../../../../../Users/User/Documents/Unreal Projects/LockDown2/Content/FirstPerson/Character/Materials/MaterialLayers/ML_Plastic_Shiny_Beige_LOGO.uasset" 327
"../../../../../../Users/User/Documents/Unreal Projects/LockDown2/Content/FirstPerson/Character/Materials/MaterialLayers/T_ML_Aluminum01.uasset" 328
"../../../../../../Users/User/Documents/Unreal Projects/LockDown2/Content/FirstPerson/Character/Materials/MaterialLayers/T_ML_Aluminum01_N.uasset" 329
"../../../../../../Users/User/Documents/Unreal Projects/LockDown2/Content/FirstPerson/Character/Materials/MaterialLayers/ML_SoftMetal_UE4.uasset" 330
"../../../../../../Users/User/Documents/Unreal Projects/LockDown2/Content/FirstPerson/Character/Textures/UE4_Mannequin__normals.uasset" 331
"../../../../../../Users/User/Documents/Unreal Projects/LockDown2/Content/FirstPerson/Character/Textures/UE4_Mannequin_MAT_MASKA.uasset" 332
"../../../../../../Users/User/Documents/Unreal Projects/LockDown2/Content/FirstPerson/Character/Materials/M_UE4Man_Body.uasset" 333
"../../../../../../Users/User/Documents/Unreal Projects/LockDown2/Content/FirstPerson/Character/Mesh/SK_Mannequin_Arms_PhysicsAsset.uasset" 334
"../../../../../../Users/User/Documents/Unreal Projects/LockDown2/Content/FirstPerson/Character/Mesh/SK_Mannequin_Arms.uasset" 335
"../../../../../../Users/User/Documents/Unreal Projects/LockDown2/Content/FirstPersonCPP/Blueprints/HUD_BP.uasset" 336
"../../../../../../Users/User/Documents/Unreal Projects/LockDown2/Content/FirstPersonCPP/Blueprints/FirstPersonCharacter.uasset" 337
"../../../../../../Users/User/Documents/Unreal Projects/LockDown2/Content/Assets/Materials/M_TextMaterial_Opaque_Emissive.uasset" 338
"../../../../../../Users/User/Documents/Unreal Projects/LockDown2/Content/Assets/Audio/Text_Pop_Cue.uasset" 339
"../../../../../../Users/User/Documents/Unreal Projects/LockDown2/Content/Assets/Textures/T_Effect_Ring.uasset" 340
"../../../../../../Users/User/Documents/Unreal Projects/LockDown2/Content/Assets/Materials/M_Particle_Effect_Ring.uasset" 341
"../../../../../../Users/User/Documents/Unreal Projects/LockDown2/Content/Assets/Effects/P_Pulse_Ring.uasset" 342
"../../../Engine/Content/EngineVolumetrics/Fogsheet/Materials/T_EV_FogSheet_Falloff_02.uasset" 343
"../../../../../../Users/User/Documents/Unreal Projects/LockDown2/Content/Assets/Materials/M_TextBox_Background_Color.uasset" 344
"../../../../../../Users/User/Documents/Unreal Projects/LockDown2/Content/Assets/Meshes/S_TextBox_Border_Background.uasset" 345
"../../../../../../Users/User/Documents/Unreal Projects/LockDown2/Content/Assets/Materials/M_TextBox_Color.uasset" 346
"../../../../../../Users/User/Documents/Unreal Projects/LockDown2/Content/Assets/Materials/M_TextBox_Background_Color_Edge_Inst.uasset" 347
"../../../../../../Users/User/Documents/Unreal Projects/LockDown2/Content/Assets/Meshes/S_TextBox_Border_Corner.uasset" 348
"../../../../../../Users/User/Documents/Unreal Projects/LockDown2/Content/Assets/Meshes/S_TextBox_Border_Segment.uasset" 349
"../../../Engine/Content/Functions/Engine_MaterialFunctions03/Particles/Distance_Blend.uasset" 350
"../../../Engine/Content/Functions/MaterialLayerFunctions/MatLayerBlend_AO.uasset" 351
"../../../Engine/Content/Functions/MaterialLayerFunctions/MatLayerBlend_ModulateRoughness.uasset" 352
"../../../Engine/Content/Functions/MaterialLayerFunctions/MatLayerBlend_Standard.uasset" 353
"../../../../../../Users/User/Documents/Unreal Projects/LockDown2/Content/Assets/Textures/T_PaintedMetal01_D.uasset" 354
"../../../../../../Users/User/Documents/Unreal Projects/LockDown2/Content/Assets/Textures/T_PaintedMetal01_N.uasset" 355
"../../../../../../Users/User/Documents/Unreal Projects/LockDown2/Content/Assets/Materials/ML_COG_Metal_Base_Light.uasset" 356
"../../../../../../Users/User/Documents/Unreal Projects/LockDown2/Content/Assets/Textures/T_Metal_Metal03_D.uasset" 357
"../../../../../../Users/User/Documents/Unreal Projects/LockDown2/Content/Assets/Textures/T_Metal_Metal03_N.uasset" 358
"../../../../../../Users/User/Documents/Unreal Projects/LockDown2/Content/Assets/Materials/ML_COG_Shiny_Grey_1.uasset" 359
"../../../../../../Users/User/Documents/Unreal Projects/LockDown2/Content/Assets/Textures/T_TextBox_Icon_M.uasset" 360
"../../../../../../Users/User/Documents/Unreal Projects/LockDown2/Content/Assets/Materials/M_TextBox_Icon_Info.uasset" 361
"../../../../../../Users/User/Documents/Unreal Projects/LockDown2/Content/Assets/Meshes/S_TextBox_Icon_Info.uasset" 362
"../../../../../../Users/User/Documents/Unreal Projects/LockDown2/Content/PrototypeStuff/BP_Commentary_Box.uasset" 363
"../../../../../../Users/User/Documents/Unreal Projects/LockDown2/Content/FirstPerson/Animations/FirstPerson_Fire.uasset" 364
"../../../../../../Users/User/Documents/Unreal Projects/LockDown2/Content/FirstPerson/Animations/FirstPersonFire_Montage.uasset" 365
"../../../../../../Users/User/Documents/Unreal Projects/LockDown2/Content/FirstPersonBP/Blueprints/FirstPersonProjectile.uasset" 366
"../../../../../../Users/User/Documents/Unreal Projects/LockDown2/Content/FirstPerson/Audio/FirstPersonTemplateWeaponFire02.uasset" 367
"../../../../../../Users/User/Documents/Unreal Projects/LockDown2/Content/FirstPerson/FPWeapon/Materials/MaterialLayers/T_ML_Rubber_Blue_01_D.uasset" 368
"../../../../../../Users/User/Documents/Unreal Projects/LockDown2/Content/FirstPerson/FPWeapon/Materials/MaterialLayers/T_ML_Rubber_Blue_01_N.uasset" 369
"../../../../../../Users/User/Documents/Unreal Projects/LockDown2/Content/FirstPerson/FPWeapon/Materials/MaterialLayers/ML_GlossyBlack_Latex_UE4.uasset" 370
"../../../../../../Users/User/Documents/Unreal Projects/LockDown2/Content/FirstPerson/FPWeapon/Materials/MaterialLayers/ML_Plastic_Shiny_Beige.uasset" 371
"../../../../../../Users/User/Documents/Unreal Projects/LockDown2/Content/FirstPerson/FPWeapon/Materials/MaterialLayers/ML_Screen.uasset" 372
"../../../../../../Users/User/Documents/Unreal Projects/LockDown2/Content/FirstPerson/FPWeapon/Materials/MaterialLayers/T_ML_Aluminum01.uasset" 373
"../../../../../../Users/User/Documents/Unreal Projects/LockDown2/Content/FirstPerson/FPWeapon/Materials/MaterialLayers/T_ML_Aluminum01_N.uasset" 374
"../../../../../../Users/User/Documents/Unreal Projects/LockDown2/Content/FirstPerson/FPWeapon/Materials/MaterialLayers/ML_SoftMetal_UE4.uasset" 375
"../../../../../../Users/User/Documents/Unreal Projects/LockDown2/Content/FirstPerson/FPWeapon/Textures/T_FPGun_M.uasset" 376
"../../../../../../Users/User/Documents/Unreal Projects/LockDown2/Content/FirstPerson/FPWeapon/Textures/T_FPGun_N.uasset" 377
"../../../../../../Users/User/Documents/Unreal Projects/LockDown2/Content/FirstPerson/FPWeapon/Materials/M_FPGun.uasset" 378
"../../../../../../Users/User/Documents/Unreal Projects/LockDown2/Content/FirstPerson/FPWeapon/Mesh/SK_FPGun_Skeleton.uasset" 379
"../../../../../../Users/User/Documents/Unreal Projects/LockDown2/Content/FirstPerson/FPWeapon/Mesh/SK_FPGun.uasset" 380
"../../../../../../Users/User/Documents/Unreal Projects/LockDown2/Content/FirstPersonBP/Blueprints/FirstPersonCharacter.uasset" 381
"../../../../../../Users/User/Documents/Unreal Projects/LockDown2/Content/PrototypeStuff/BPI_Security_Alarm_Interface.uasset" 382
"../../../../../../Users/User/Documents/Unreal Projects/LockDown2/Content/MapMeshes/Material__25.uasset" 383
"../../../../../../Users/User/Documents/Unreal Projects/LockDown2/Content/MapMeshes/Material__26.uasset" 384
"../../../../../../Users/User/Documents/Unreal Projects/LockDown2/Content/MapMeshes/Material__437.uasset" 385
"../../../../../../Users/User/Documents/Unreal Projects/LockDown2/Content/MapMeshes/Act1_Door.uasset" 386
"../../../../../../Users/User/Documents/Unreal Projects/LockDown2/Content/PrototypeStuff/Door_Blueprint.uasset" 387
"../../../Engine/Content/Functions/MaterialLayerFunctions/MatLayerBlend_BakedNormal.uasset" 388
"../../../../../../Users/User/Documents/Unreal Projects/LockDown2/Content/Assets/Materials/ML_YellowMetal_Painted.uasset" 389
"../../../../../../Users/User/Documents/Unreal Projects/LockDown2/Content/Assets/Textures/T_COG_Underground_Console_Panel_Bits_M.uasset" 390
"../../../../../../Users/User/Documents/Unreal Projects/LockDown2/Content/Assets/Textures/T_COG_Underground_Console_Panel_Bits_N.uasset" 391
"../../../../../../Users/User/Documents/Unreal Projects/LockDown2/Content/Assets/Materials/M_COG_Underground_Console_Panel_Bits.uasset" 392
"../../../../../../Users/User/Documents/Unreal Projects/LockDown2/Content/Assets/Meshes/SM_Cog_Underground_Console_Panel_Button.uasset" 393
"../../../../../../Users/User/Documents/Unreal Projects/LockDown2/Content/Assets/Meshes/SM_Cog_Underground_Console_Panel_Button_Base01.uasset" 394
"../../../../../../Users/User/Documents/Unreal Projects/LockDown2/Content/PrototypeStuff/BP_Security_Screen_Button.uasset" 395
"../../../../../../Users/User/Documents/Unreal Projects/LockDown2/Content/Assets/Animation/Act1/Whale/Whale_Swimming_Anim.uasset" 396
"../../../../../../Users/User/Documents/Unreal Projects/LockDown2/Content/Assets/Animation/Act1/Whale/WhaleSwimAnim.uasset" 397
"../../../../../../Users/User/Documents/Unreal Projects/LockDown2/Content/Assets/Animation/Act1/Whale/Whale_Swimming_PhysicsAsset.uasset" 398
"../../../../../../Users/User/Documents/Unreal Projects/LockDown2/Content/Assets/Animation/Act1/Whale/Whale_Swimming.uasset" 399
"../../../../../../Users/User/Documents/Unreal Projects/LockDown2/Content/Assets/Animation/Act1/Whale/WhaleSwimBP.uasset" 400
"../../../../../../Users/User/Documents/Unreal Projects/LockDown2/Content/Assets/Materials/Decal_Sheets/Electronic_Decal_Sheet/Electronic_Decal_Sheet_BaseColor.uasset" 401
"../../../../../../Users/User/Documents/Unreal Projects/LockDown2/Content/Assets/Materials/Decal_Sheets/Electronic_Decal_Sheet/Electronic_Decal_Sheet_Emissive.uasset" 402
"../../../../../../Users/User/Documents/Unreal Projects/LockDown2/Content/Assets/Materials/Decal_Sheets/Electronic_Decal_Sheet/Electronic_Decal_Sheet_Normal.uasset" 403
"../../../../../../Users/User/Documents/Unreal Projects/LockDown2/Content/Assets/Materials/Decal_Sheets/Electronic_Decal_Sheet/Electronic_Decal_Sheet_OcclusionRoughnessMetallic.uasset" 404
"../../../../../../Users/User/Documents/Unreal Projects/LockDown2/Content/Assets/Materials/Decal_Sheets/Electronic_Decal_Sheet/Electronic_Decal_Sheet_Opacity.uasset" 405
"../../../../../../Users/User/Documents/Unreal Projects/LockDown2/Content/Assets/Materials/Decal_Sheets/Electronic_Decal_Sheet/Electronic_Decal_Sheet.uasset" 406
"../../../../../../Users/User/Documents/Unreal Projects/LockDown2/Content/Assets/Props/Electronic_Equipment/Desk_Terminal_2.uasset" 407
"../../../../../../Users/User/Documents/Unreal Projects/LockDown2/Content/Assets/Materials/Decal_Sheets/Prop_Bolt_Seam_Decal_Sheet/Prop_DecalSheet_1_AO.uasset" 408
"../../../../../../Users/User/Documents/Unreal Projects/LockDown2/Content/Assets/Materials/Decal_Sheets/Prop_Bolt_Seam_Decal_Sheet/Prop_DecalSheet_1_Normal.uasset" 409
"../../../../../../Users/User/Documents/Unreal Projects/LockDown2/Content/Assets/Materials/Decal_Sheets/Prop_Bolt_Seam_Decal_Sheet/Prop_DecalSheet_1_Opacity.uasset" 410
"../../../../../../Users/User/Documents/Unreal Projects/LockDown2/Content/Assets/Materials/Decal_Sheets/Prop_Bolt_Seam_Decal_Sheet/Prop_Bolt_Seam_Decal_Sheet.uasset" 411
"../../../../../../Users/User/Documents/Unreal Projects/LockDown2/Content/Assets/Materials/Tileable_Textures/Metal_Finish/Metal_Finish_Tileable_GreyInst.uasset" 412
"../../../../../../Users/User/Documents/Unreal Projects/LockDown2/Content/Assets/Props/Electronic_Equipment/Desk_Terminal_Keyboard.uasset" 413
"../../../../../../Users/User/Documents/Unreal Projects/LockDown2/Content/FirstPersonCPP/Blueprints/Interactables/ComuterTerminal_BP.uasset" 414
"../../../../../../Users/User/Documents/Unreal Projects/LockDown2/Content/Assets/Props/Electronic_Equipment/Keypad.uasset" 415
"../../../../../../Users/User/Documents/Unreal Projects/LockDown2/Content/FirstPersonCPP/Blueprints/Interactables/DoorLockPanel_BP.uasset" 416
"../../../../../../Users/User/Documents/Unreal Projects/LockDown2/Content/Assets/Materials/Emissives/Emissive_Mat_Base.uasset" 417
"../../../../../../Users/User/Documents/Unreal Projects/LockDown2/Content/Assets/Materials/Emissives/Emissive_Mat_Base_Green_Inst.uasset" 418
"../../../../../../Users/User/Documents/Unreal Projects/LockDown2/Content/Assets/Materials/Emissives/Emissive_Mat_Base_Off.uasset" 419
"../../../../../../Users/User/Documents/Unreal Projects/LockDown2/Content/Assets/Materials/Emissives/Emissive_Mat_Base_Red_Inst.uasset" 420
"../../../../../../Users/User/Documents/Unreal Projects/LockDown2/Content/Assets/Materials/Tileable_Textures/Plastic/Plastic_GreyInst.uasset" 421
"../../../../../../Users/User/Documents/Unreal Projects/LockDown2/Content/Geometry/Meshes/Door_Panel.uasset" 422
"../../../../../../Users/User/Documents/Unreal Projects/LockDown2/Content/FirstPersonCPP/Blueprints/Interactables/DoorPanel_BP.uasset" 423
"../../../../../../Users/User/Documents/Unreal Projects/LockDown2/Content/Assets/Props/Electronic_Equipment/DrinkMachine/Drink_Replicator.uasset" 424
"../../../../../../Users/User/Documents/Unreal Projects/LockDown2/Content/Assets/Props/Electronic_Equipment/DrinkMachine/Drink_Replicator_Door.uasset" 425
"../../../../../../Users/User/Documents/Unreal Projects/LockDown2/Content/FirstPersonCPP/Blueprints/Interactables/DrinkMachine_BP.uasset" 426
"../../../../../../Users/User/Documents/Unreal Projects/LockDown2/Content/Assets/Materials/Tileable_Textures/Metal_Panel_Materials/Metal_Panel_Trim/Metal_Panel_Trim_GreyInst.uasset" 427
"../../../../../../Users/User/Documents/Unreal Projects/LockDown2/Content/Assets/Materials/Tileable_Textures/Metal_Panel_Materials/Metal_Panel_Trim/Metal_Panel_Trim_Light_GreyInst_Inst.uasset" 428
"../../../../../../Users/User/Documents/Unreal Projects/LockDown2/Content/Assets/Materials/Tileable_Textures/Metal_Panel_Materials/Metal_Panel_Trim/Metal_Panel_Trim_Light_Beige_Inst.uasset" 429
"../../../../../../Users/User/Documents/Unreal Projects/LockDown2/Content/Assets/ModularPieces/Elevator/Elevator_Door_Left.uasset" 430
"../../../../../../Users/User/Documents/Unreal Projects/LockDown2/Content/Assets/ModularPieces/Elevator/Elevator_Door_Right.uasset" 431
"../../../../../../Users/User/Documents/Unreal Projects/LockDown2/Content/FirstPersonCPP/Blueprints/Interactables/ElevatorDoor_BP.uasset" 432
"../../../../../../Users/User/Documents/Unreal Projects/LockDown2/Content/Assets/Props/Electronic_Equipment/FoodMachine/Food_Replicator.uasset" 433
"../../../../../../Users/User/Documents/Unreal Projects/LockDown2/Content/Assets/Props/Electronic_Equipment/FoodMachine/Food_Replicator_Door.uasset" 434
"../../../../../../Users/User/Documents/Unreal Projects/LockDown2/Content/FirstPersonCPP/Blueprints/Interactables/FoodMachine_BP.uasset" 435
"../../../../../../Users/User/Documents/Unreal Projects/LockDown2/Content/Assets/ModularPieces/Door_Pieces/Door_Locker.uasset" 436
"../../../../../../Users/User/Documents/Unreal Projects/LockDown2/Content/FirstPersonCPP/Blueprints/Interactables/LockerRoomDoor_BP.uasset" 437
"../../../../../../Users/User/Documents/Unreal Projects/LockDown2/Content/Assets/ModularPieces/Door_Pieces/Door_01.uasset" 438
"../../../../../../Users/User/Documents/Unreal Projects/LockDown2/Content/FirstPersonCPP/Blueprints/Interactables/RegularDoor_BP.uasset" 439
"../../../../../../Users/User/Documents/Unreal Projects/LockDown2/Content/MAps/Demov1_BuiltData.uasset" 440
"../../../Engine/Content/BasicShapes/BasicShapeMaterial.uasset" 441
"../../../../../../Users/User/Documents/Unreal Projects/LockDown2/Content/MapMeshes/Emissives/Yellow_Emissive.uasset" 442
"../../../../../../Users/User/Documents/Unreal Projects/LockDown2/Content/MapMeshes/Map/Material__1997.uasset" 443
"../../../../../../Users/User/Documents/Unreal Projects/LockDown2/Content/MapMeshes/Map/Material__25_ncl1_1.uasset" 444
"../../../../../../Users/User/Documents/Unreal Projects/LockDown2/Content/MapMeshes/Map/Material__26_ncl1_1.uasset" 445
"../../../../../../Users/User/Documents/Unreal Projects/LockDown2/Content/MapMeshes/Map/Material__2751.uasset" 446
"../../../../../../Users/User/Documents/Unreal Projects/LockDown2/Content/MapMeshes/Map/Material__438.uasset" 447
"../../../../../../Users/User/Documents/Unreal Projects/LockDown2/Content/MapMeshes/Map/pattern_mat.uasset" 448
"../../../../../../Users/User/Documents/Unreal Projects/LockDown2/Content/StarterContent/Textures/T_MacroVariation.uasset" 449
"../../../../../../Users/User/Documents/Unreal Projects/LockDown2/Content/StarterContent/Materials/M_Metal_Chrome.uasset" 450
"../../../../../../Users/User/Documents/Unreal Projects/LockDown2/Content/StarterContent/Textures/T_Metal_Steel_D.uasset" 451
"../../../../../../Users/User/Documents/Unreal Projects/LockDown2/Content/StarterContent/Textures/T_Metal_Steel_N.uasset" 452
"../../../../../../Users/User/Documents/Unreal Projects/LockDown2/Content/StarterContent/Materials/M_Metal_Steel.uasset" 453
"../../../../../../Users/User/Documents/Unreal Projects/LockDown2/Content/StarterContent/Textures/T_Tech_Hex_Tile_M.uasset" 454
"../../../../../../Users/User/Documents/Unreal Projects/LockDown2/Content/StarterContent/Textures/T_Tech_Hex_Tile_N.uasset" 455
"../../../../../../Users/User/Documents/Unreal Projects/LockDown2/Content/StarterContent/Materials/M_Tech_Hex_Tile_Pulse.uasset" 456
"../../../../../../Users/User/Documents/Unreal Projects/LockDown2/Content/StarterContent/Textures/T_Perlin_Noise_M.uasset" 457
"../../../../../../Users/User/Documents/Unreal Projects/LockDown2/Content/StarterContent/Textures/T_Wood_Floor_Walnut_D.uasset" 458
"../../../../../../Users/User/Documents/Unreal Projects/LockDown2/Content/StarterContent/Textures/T_Wood_Floor_Walnut_M.uasset" 459
"../../../../../../Users/User/Documents/Unreal Projects/LockDown2/Content/StarterContent/Textures/T_Wood_Floor_Walnut_N.uasset" 460
"../../../../../../Users/User/Documents/Unreal Projects/LockDown2/Content/StarterContent/Materials/M_Wood_Floor_Walnut_Polished.uasset" 461
"../../../../../../Users/User/Documents/Unreal Projects/LockDown2/Content/StarterContent/Textures/T_Wood_Walnut_D.uasset" 462
"../../../../../../Users/User/Documents/Unreal Projects/LockDown2/Content/StarterContent/Textures/T_Wood_Walnut_N.uasset" 463
"../../../../../../Users/User/Documents/Unreal Projects/LockDown2/Content/StarterContent/Materials/M_Wood_Walnut.uasset" 464
"../../../../../../Users/User/Documents/Unreal Projects/LockDown2/Content/Assets/Materials/Tileable_Textures/Fabric_Tileable/Fabric_Tileable_BaseColor.uasset" 465
"../../../../../../Users/User/Documents/Unreal Projects/LockDown2/Content/Assets/Materials/Tileable_Textures/Fabric_Tileable/Fabric_Tileable_Normal.uasset" 466
"../../../../../../Users/User/Documents/Unreal Projects/LockDown2/Content/Assets/Materials/Tileable_Textures/Fabric_Tileable/Fabric_Tileable_OcclusionRoughnessMetallic.uasset" 467
"../../../../../../Users/User/Documents/Unreal Projects/LockDown2/Content/Assets/Materials/Tileable_Textures/Fabric_Tileable/Fabric_Tileable.uasset" 468
"../../../../../../Users/User/Documents/Unreal Projects/LockDown2/Content/Assets/Materials/Tileable_Textures/Fabric_Tileable/Fabric_Tileable_Beige_nst.uasset" 469
"../../../Engine/Content/BasicShapes/Cone.uasset" 470
"../../../Engine/Content/BasicShapes/Cube.uasset" 471
"../../../Engine/Content/BasicShapes/Cylinder.uasset" 472
"../../../Engine/Content/BasicShapes/Sphere.uasset" 473
"../../../../../../Users/User/Documents/Unreal Projects/LockDown2/Content/Assets/Materials/Tileable_Textures/PaintedSteel/Metal_Finish_BaseColor.uasset" 474
"../../../../../../Users/User/Documents/Unreal Projects/LockDown2/Content/Assets/Materials/Tileable_Textures/PaintedSteel/Metal_Finish_Normal.uasset" 475
"../../../../../../Users/User/Documents/Unreal Projects/LockDown2/Content/Assets/Materials/Tileable_Textures/PaintedSteel/Metal_Finish_OcclusionRoughnessMetallic.uasset" 476
"../../../../../../Users/User/Documents/Unreal Projects/LockDown2/Content/Assets/Materials/Tileable_Textures/PaintedSteel/Painted_Steel.uasset" 477
"../../../../../../Users/User/Documents/Unreal Projects/LockDown2/Content/Assets/Materials/Tileable_Textures/Fabric_Tileable/Fabric_Tileable_White_nst1.uasset" 478
"../../../../../../Users/User/Documents/Unreal Projects/LockDown2/Content/Assets/Materials/Tileable_Textures/Metal_Finish/Metal_Finish_Tileable_BlackInst.uasset" 479
"../../../../../../Users/User/Documents/Unreal Projects/LockDown2/Content/Assets/ModularPieces/Bathroom_PIeces/PaperTowel_Holder.uasset" 480
"../../../../../../Users/User/Documents/Unreal Projects/LockDown2/Content/Assets/ModularPieces/Bathroom_PIeces/Stall_Column_1.uasset" 481
"../../../../../../Users/User/Documents/Unreal Projects/LockDown2/Content/Assets/ModularPieces/Bathroom_PIeces/Stall_Column_2.uasset" 482
"../../../../../../Users/User/Documents/Unreal Projects/LockDown2/Content/Assets/ModularPieces/Bathroom_PIeces/Stall_Column_3.uasset" 483
"../../../../../../Users/User/Documents/Unreal Projects/LockDown2/Content/Assets/ModularPieces/Bathroom_PIeces/Stall_Door.uasset" 484
"../../../../../../Users/User/Documents/Unreal Projects/LockDown2/Content/Assets/ModularPieces/Bathroom_PIeces/Stall_SideWall.uasset" 485
"../../../../../../Users/User/Documents/Unreal Projects/LockDown2/Content/Assets/ModularPieces/Bathroom_PIeces/Stall_TopBar.uasset" 486
"../../../../../../Users/User/Documents/Unreal Projects/LockDown2/Content/Assets/ModularPieces/Bathroom_PIeces/Stall_TopBar_2.uasset" 487
"../../../../../../Users/User/Documents/Unreal Projects/LockDown2/Content/Assets/ModularPieces/Bathroom_PIeces/Toilet.uasset" 488
"../../../../../../Users/User/Documents/Unreal Projects/LockDown2/Content/Assets/ModularPieces/Bathroom_PIeces/ToiletPaper_Holder.uasset" 489
"../../../../../../Users/User/Documents/Unreal Projects/LockDown2/Content/Assets/ModularPieces/Cabinets/Cabinet.uasset" 490
"../../../../../../Users/User/Documents/Unreal Projects/LockDown2/Content/Assets/ModularPieces/Cabinets/Cabinet_2.uasset" 491
"../../../../../../Users/User/Documents/Unreal Projects/LockDown2/Content/Assets/ModularPieces/Cabinets/Cabinet_Sink.uasset" 492
"../../../../../../Users/User/Documents/Unreal Projects/LockDown2/Content/Assets/ModularPieces/Cabinets/Cabinet_Upper.uasset" 493
"../../../../../../Users/User/Documents/Unreal Projects/LockDown2/Content/Assets/ModularPieces/Cabinets/Cabinet_Upper_2.uasset" 494
"../../../../../../Users/User/Documents/Unreal Projects/LockDown2/Content/Assets/ModularPieces/Door_Pieces/Door_Hallway.uasset" 495
"../../../../../../Users/User/Documents/Unreal Projects/LockDown2/Content/Assets/Materials/Tileable_Textures/Ceiling_Trim/Ceiling_Trim_BaseColor.uasset" 496
"../../../../../../Users/User/Documents/Unreal Projects/LockDown2/Content/Assets/Materials/Tileable_Textures/Ceiling_Trim/Ceiling_Trim_Emissive.uasset" 497
"../../../../../../Users/User/Documents/Unreal Projects/LockDown2/Content/Assets/Materials/Tileable_Textures/Ceiling_Trim/Ceiling_Trim_Normal.uasset" 498
"../../../../../../Users/User/Documents/Unreal Projects/LockDown2/Content/Assets/Materials/Tileable_Textures/Ceiling_Trim/Ceiling_Trim_OcclusionRoughnessMetallic.uasset" 499
"../../../../../../Users/User/Documents/Unreal Projects/LockDown2/Content/Assets/Materials/Tileable_Textures/Ceiling_Trim/Ceiling_Trim.uasset" 500
"../../../../../../Users/User/Documents/Unreal Projects/LockDown2/Content/Assets/ModularPieces/Elevator/Elevator.uasset" 501
"../../../../../../Users/User/Documents/Unreal Projects/LockDown2/Content/Assets/Materials/Tileable_Textures/Metallic_Floor_Material/Metallic_Floor_Mat_BaseColor.uasset" 502
"../../../../../../Users/User/Documents/Unreal Projects/LockDown2/Content/Assets/Materials/Tileable_Textures/Metallic_Floor_Material/Metallic_Floor_Mat_Normal.uasset" 503
"../../../../../../Users/User/Documents/Unreal Projects/LockDown2/Content/Assets/Materials/Tileable_Textures/Metallic_Floor_Material/Metallic_Floor_Mat_OcclusionRoughnessMetallic.uasset" 504
"../../../../../../Users/User/Documents/Unreal Projects/LockDown2/Content/Assets/Materials/Tileable_Textures/Metallic_Floor_Material/Metallic_Floor_Material.uasset" 505
"../../../../../../Users/User/Documents/Unreal Projects/LockDown2/Content/Assets/Materials/Tileable_Textures/Metallic_Floor_Trim/Floor_Trim_BaseColor.uasset" 506
"../../../../../../Users/User/Documents/Unreal Projects/LockDown2/Content/Assets/Materials/Tileable_Textures/Metallic_Floor_Trim/Floor_Trim_Normal.uasset" 507
"../../../../../../Users/User/Documents/Unreal Projects/LockDown2/Content/Assets/Materials/Tileable_Textures/Metallic_Floor_Trim/Floor_Trim_OcclusionRoughnessMetallic.uasset" 508
"../../../../../../Users/User/Documents/Unreal Projects/LockDown2/Content/Assets/Materials/Tileable_Textures/Metallic_Floor_Trim/Metallic_Floor_Trim.uasset" 509
"../../../../../../Users/User/Documents/Unreal Projects/LockDown2/Content/Assets/ModularPieces/Floor_Pieces/Corridor_FloorPiece.uasset" 510
"../../../../../../Users/User/Documents/Unreal Projects/LockDown2/Content/Assets/ModularPieces/Floor_Pieces/Corridor_FloorPiece_Elevator.uasset" 511
"../../../../../../Users/User/Documents/Unreal Projects/LockDown2/Content/Assets/ModularPieces/Floor_Pieces/Corridor_FloorPiece_end.uasset" 512
"../../../../../../Users/User/Documents/Unreal Projects/LockDown2/Content/Assets/ModularPieces/Floor_Pieces/Room_Floor_01.uasset" 513
"../../../../../../Users/User/Documents/Unreal Projects/LockDown2/Content/Assets/ModularPieces/Floor_Pieces/Room_Floor_02.uasset" 514
"../../../../../../Users/User/Documents/Unreal Projects/LockDown2/Content/Assets/ModularPieces/Floor_Pieces/Room_Floor_03.uasset" 515
"../../../../../../Users/User/Documents/Unreal Projects/LockDown2/Content/MapMeshes/Emissives/White_Emissive.uasset" 516
"../../../../../../Users/User/Documents/Unreal Projects/LockDown2/Content/Assets/ModularPieces/Locker/Locker.uasset" 517
"../../../../../../Users/User/Documents/Unreal Projects/LockDown2/Content/Assets/ModularPieces/Locker/Locker_Door.uasset" 518
"../../../../../../Users/User/Documents/Unreal Projects/LockDown2/Content/Assets/Materials/Decal_Sheets/Wall_Label/Text_Labels_BaseColor.uasset" 519
"../../../../../../Users/User/Documents/Unreal Projects/LockDown2/Content/Assets/Materials/Decal_Sheets/Wall_Label/Text_Labels_Normal.uasset" 520
"../../../../../../Users/User/Documents/Unreal Projects/LockDown2/Content/Assets/Materials/Decal_Sheets/Wall_Label/Text_Labels_OcclusionRoughnessMetallic.uasset" 521
"../../../../../../Users/User/Documents/Unreal Projects/LockDown2/Content/Assets/Materials/Decal_Sheets/Wall_Label/Wall_Label_Decal.uasset" 522
"../../../../../../Users/User/Documents/Unreal Projects/LockDown2/Content/Assets/ModularPieces/Wall_Labels/Label_breakroom.uasset" 523
"../../../../../../Users/User/Documents/Unreal Projects/LockDown2/Content/Assets/ModularPieces/Wall_Labels/Label_Elevator.uasset" 524
"../../../../../../Users/User/Documents/Unreal Projects/LockDown2/Content/Assets/ModularPieces/Wall_Labels/Label_Examroom.uasset" 525
"../../../../../../Users/User/Documents/Unreal Projects/LockDown2/Content/Assets/ModularPieces/Wall_Labels/Label_lockerroom.uasset" 526
"../../../../../../Users/User/Documents/Unreal Projects/LockDown2/Content/Assets/ModularPieces/Wall_Labels/label_medbay01.uasset" 527
"../../../../../../Users/User/Documents/Unreal Projects/LockDown2/Content/Assets/ModularPieces/Wall_Labels/label_medbay02.uasset" 528
"../../../../../../Users/User/Documents/Unreal Projects/LockDown2/Content/Assets/ModularPieces/Wall_Labels/Label_Medwing02.uasset" 529
"../../../../../../Users/User/Documents/Unreal Projects/LockDown2/Content/Assets/ModularPieces/Wall_Labels/Label_restroom.uasset" 530
"../../../../../../Users/User/Documents/Unreal Projects/LockDown2/Content/Assets/ModularPieces/Wall_Meshes/Bed_Station.uasset" 531
"../../../../../../Users/User/Documents/Unreal Projects/LockDown2/Content/Assets/ModularPieces/Wall_Meshes/Ceilings/Ceiling_01.uasset" 532
"../../../../../../Users/User/Documents/Unreal Projects/LockDown2/Content/Assets/ModularPieces/Wall_Meshes/Ceilings/Ceiling_02.uasset" 533
"../../../../../../Users/User/Documents/Unreal Projects/LockDown2/Content/Assets/ModularPieces/Wall_Meshes/Ceilings/Ceiling_03.uasset" 534
"../../../../../../Users/User/Documents/Unreal Projects/LockDown2/Content/Assets/ModularPieces/Wall_Meshes/Ceilings/Ceiling_Corridor.uasset" 535
"../../../../../../Users/User/Documents/Unreal Projects/LockDown2/Content/Assets/ModularPieces/Wall_Meshes/Corridor_Column.uasset" 536
"../../../../../../Users/User/Documents/Unreal Projects/LockDown2/Content/Assets/ModularPieces/Wall_Meshes/Wall_01.uasset" 537
"../../../../../../Users/User/Documents/Unreal Projects/LockDown2/Content/Assets/ModularPieces/Wall_Meshes/Wall_02.uasset" 538
"../../../../../../Users/User/Documents/Unreal Projects/LockDown2/Content/Assets/Materials/Tileable_Textures/Metal_Panel_Materials/Metal_Panel_Tileable/Metal_Panel_Tileable_Cream_Inst.uasset" 539
"../../../../../../Users/User/Documents/Unreal Projects/LockDown2/Content/Assets/ModularPieces/Wall_Meshes/Wall_Corridor.uasset" 540
"../../../../../../Users/User/Documents/Unreal Projects/LockDown2/Content/Assets/ModularPieces/Wall_Meshes/Wall_Corridor_02.uasset" 541
"../../../../../../Users/User/Documents/Unreal Projects/LockDown2/Content/Assets/ModularPieces/Wall_Meshes/Wall_Curve.uasset" 542
"../../../../../../Users/User/Documents/Unreal Projects/LockDown2/Content/Assets/ModularPieces/Wall_Meshes/Wall_Curve_Door.uasset" 543
"../../../../../../Users/User/Documents/Unreal Projects/LockDown2/Content/Assets/ModularPieces/Wall_Meshes/Wall_Curve_Plain.uasset" 544
"../../../../../../Users/User/Documents/Unreal Projects/LockDown2/Content/Assets/ModularPieces/Wall_Meshes/Wall_Curve_Window.uasset" 545
"../../../../../../Users/User/Documents/Unreal Projects/LockDown2/Content/Assets/ModularPieces/Wall_Meshes/Wall_Door_02.uasset" 546
"../../../../../../Users/User/Documents/Unreal Projects/LockDown2/Content/Assets/ModularPieces/Wall_Meshes/Wall_Elevator.uasset" 547
"../../../../../../Users/User/Documents/Unreal Projects/LockDown2/Content/Assets/ModularPieces/Wall_Meshes/Wall_End.uasset" 548
"../../../../../../Users/User/Documents/Unreal Projects/LockDown2/Content/Assets/ModularPieces/Wall_Meshes/Wall_Opening.uasset" 549
"../../../../../../Users/User/Documents/Unreal Projects/LockDown2/Content/Assets/ModularPieces/Wall_Meshes/Wall_Window.uasset" 550
"../../../../../../Users/User/Documents/Unreal Projects/LockDown2/Content/Assets/Props/Electronic_Equipment/Desk_Terminal.uasset" 551
"../../../../../../Users/User/Documents/Unreal Projects/LockDown2/Content/Assets/Props/Electronic_Equipment/Printer.uasset" 552
"../../../../../../Users/User/Documents/Unreal Projects/LockDown2/Content/Assets/Props/Furniture/Bed_Bar.uasset" 553
"../../../../../../Users/User/Documents/Unreal Projects/LockDown2/Content/Assets/Props/Furniture/Chairs/Lounge_Chair.uasset" 554
"../../../../../../Users/User/Documents/Unreal Projects/LockDown2/Content/Assets/Props/Furniture/Chairs/Office_Chair.uasset" 555
"../../../../../../Users/User/Documents/Unreal Projects/LockDown2/Content/Assets/Props/Furniture/Chairs/Tulip_Chair.uasset" 556
"../../../../../../Users/User/Documents/Unreal Projects/LockDown2/Content/Assets/Props/Furniture/Desk/Tank_Desk.uasset" 557
"../../../../../../Users/User/Documents/Unreal Projects/LockDown2/Content/Assets/Props/Furniture/Hospital_Bed.uasset" 558
"../../../../../../Users/User/Documents/Unreal Projects/LockDown2/Content/Assets/Props/Furniture/Hospital_Bed_2.uasset" 559
"../../../../../../Users/User/Documents/Unreal Projects/LockDown2/Content/Assets/Materials/Tileable_Textures/Metal_Finish/Metal_Finish_Tileable_Green_Inst.uasset" 560
"../../../../../../Users/User/Documents/Unreal Projects/LockDown2/Content/Assets/Props/Furniture/Table/End_Table.uasset" 561
"../../../../../../Users/User/Documents/Unreal Projects/LockDown2/Content/Assets/Props/Furniture/Table/Tulip_Table.uasset" 562
"../../../../../../Users/User/Documents/Unreal Projects/LockDown2/Content/Assets/Materials/Tileable_Textures/Plastic/Plastic_Red_Inst.uasset" 563
"../../../../../../Users/User/Documents/Unreal Projects/LockDown2/Content/Assets/Props/Medical_Props/Bed_Equipment/Canister_Tube.uasset" 564
"../../../../../../Users/User/Documents/Unreal Projects/LockDown2/Content/Assets/Materials/Tileable_Textures/Plastic/Plastic_Blue_Inst.uasset" 565
"../../../../../../Users/User/Documents/Unreal Projects/LockDown2/Content/Assets/Materials/Tileable_Textures/Plastic/Plastic_Green_Inst.uasset" 566
"../../../../../../Users/User/Documents/Unreal Projects/LockDown2/Content/Assets/Props/Medical_Props/Bed_Equipment/Medical_Canister.uasset" 567
"../../../../../../Users/User/Documents/Unreal Projects/LockDown2/Content/Assets/Props/Medical_Props/Bed_Equipment/Medical_Canister_2.uasset" 568
"../../../../../../Users/User/Documents/Unreal Projects/LockDown2/Content/Assets/Props/Medical_Props/Bed_Equipment/Mini_Pump.uasset" 569
"../../../../../../Users/User/Documents/Unreal Projects/LockDown2/Content/MapMeshes/Emissives/Red_Emissive.uasset" 570
"../../../../../../Users/User/Documents/Unreal Projects/LockDown2/Content/Assets/Props/Medical_Props/Call_Device/Call_Device.uasset" 571
"../../../../../../Users/User/Documents/Unreal Projects/LockDown2/Content/Assets/Props/Medical_Props/Call_Device/Call_Device_Button.uasset" 572
"../../../../../../Users/User/Documents/Unreal Projects/LockDown2/Content/Assets/Props/Medical_Props/Call_Device/Call_Device_Charger.uasset" 573
"../../../../../../Users/User/Documents/Unreal Projects/LockDown2/Content/Assets/Props/Medical_Props/Dispenser.uasset" 574
"../../../../../../Users/User/Documents/Unreal Projects/LockDown2/Content/Assets/Props/Medical_Props/Exam_Light.uasset" 575
"../../../../../../Users/User/Documents/Unreal Projects/LockDown2/Content/Assets/Props/Medical_Props/GloveBox_Unit.uasset" 576
"../../../../../../Users/User/Documents/Unreal Projects/LockDown2/Content/Assets/Props/Medical_Props/Nurse_Terminal.uasset" 577
"../../../../../../Users/User/Documents/Unreal Projects/LockDown2/Content/Assets/Props/Medical_Props/Trash_Can/Trash_Can.uasset" 578
"../../../../../../Users/User/Documents/Unreal Projects/LockDown2/Content/Assets/Props/Medical_Props/Trash_Can/Trash_Can_Lid.uasset" 579
"../../../../../../Users/User/Documents/Unreal Projects/LockDown2/Content/Assets/Props/Medical_Props/Trash_Can/Trash_Can_Plain.uasset" 580
"../../../../../../Users/User/Documents/Unreal Projects/LockDown2/Content/Assets/Materials/Emissives/Emissive_Mat_Base_Yellow_Inst.uasset" 581
"../../../../../../Users/User/Documents/Unreal Projects/LockDown2/Content/Geometry/Meshes/Door_Panel_Button.uasset" 582
"../../../../../../Users/User/Documents/Unreal Projects/LockDown2/Content/MapMeshes/Map/Material__2485.uasset" 583
"../../../../../../Users/User/Documents/Unreal Projects/LockDown2/Content/MapMeshes/Map/Material__2612.uasset" 584
"../../../../../../Users/User/Documents/Unreal Projects/LockDown2/Content/MapMeshes/Map/Act1_Blockout_v1_5.uasset" 585
"../../../../../../Users/User/Documents/Unreal Projects/LockDown2/Content/MapMeshes/Map/Act1_Blockout_v1_6.uasset" 586
"../../../../../../Users/User/Documents/Unreal Projects/LockDown2/Content/StarterContent/Textures/T_Bush_D.uasset" 587
"../../../../../../Users/User/Documents/Unreal Projects/LockDown2/Content/StarterContent/Textures/T_Bush_N.uasset" 588
"../../../../../../Users/User/Documents/Unreal Projects/LockDown2/Content/StarterContent/Props/Materials/M_Bush.uasset" 589
"../../../../../../Users/User/Documents/Unreal Projects/LockDown2/Content/StarterContent/Props/SM_Bush.uasset" 590
"../../../../../../Users/User/Documents/Unreal Projects/LockDown2/Content/StarterContent/Textures/T_Chair_M.uasset" 591
"../../../../../../Users/User/Documents/Unreal Projects/LockDown2/Content/StarterContent/Textures/T_Chair_N.uasset" 592
"../../../../../../Users/User/Documents/Unreal Projects/LockDown2/Content/StarterContent/Props/Materials/M_Chair.uasset" 593
"../../../../../../Users/User/Documents/Unreal Projects/LockDown2/Content/StarterContent/Props/SM_Chair.uasset" 594
"../../../../../../Users/User/Documents/Unreal Projects/LockDown2/Content/StarterContent/Textures/T_Frame_M.uasset" 595
"../../../../../../Users/User/Documents/Unreal Projects/LockDown2/Content/StarterContent/Textures/T_Frame_N.uasset" 596
"../../../../../../Users/User/Documents/Unreal Projects/LockDown2/Content/StarterContent/Props/Materials/M_Frame.uasset" 597
"../../../../../../Users/User/Documents/Unreal Projects/LockDown2/Content/StarterContent/Props/SM_CornerFrame.uasset" 598
"../../../../../../Users/User/Documents/Unreal Projects/LockDown2/Content/StarterContent/Props/SM_Couch.uasset" 599
"../../../../../../Users/User/Documents/Unreal Projects/LockDown2/Content/StarterContent/Textures/T_Shelf_M.uasset" 600
"../../../../../../Users/User/Documents/Unreal Projects/LockDown2/Content/StarterContent/Textures/T_Shelf_N.uasset" 601
"../../../../../../Users/User/Documents/Unreal Projects/LockDown2/Content/StarterContent/Props/Materials/M_Shelf.uasset" 602
"../../../../../../Users/User/Documents/Unreal Projects/LockDown2/Content/StarterContent/Props/SM_Shelf.uasset" 603
"../../../../../../Users/User/Documents/Unreal Projects/LockDown2/Content/StarterContent/Textures/T_TableRound_M.uasset" 604
"../../../../../../Users/User/Documents/Unreal Projects/LockDown2/Content/StarterContent/Textures/T_TableRound_N.uasset" 605
"../../../../../../Users/User/Documents/Unreal Projects/LockDown2/Content/StarterContent/Props/Materials/M_TableRound.uasset" 606
"../../../../../../Users/User/Documents/Unreal Projects/LockDown2/Content/StarterContent/Props/SM_TableRound.uasset" 607
"../../../../../../Users/User/Documents/Unreal Projects/LockDown2/Content/StarterContent/Props/SM_WindowFrame.uasset" 608
"../../../../../../Users/User/Documents/Unreal Projects/LockDown2/Content/MAps/Demov1.umap" 609
"../../../Engine/Content/EngineSky/C_Sky_Cloud_Color.uasset" 610
"../../../Engine/Content/EngineSky/C_Sky_Horizon_Color.uasset" 611
"../../../Engine/Content/EngineSky/C_Sky_Zenith_Color.uasset" 612
"../../../Engine/Content/EngineSky/T_Sky_Blue.uasset" 613
"../../../Engine/Content/EngineSky/T_Sky_Clouds_M.uasset" 614
"../../../Engine/Content/EngineSky/T_Sky_Stars.uasset" 615
"../../../Engine/Content/EngineSky/M_Sky_Panning_Clouds2.uasset" 616
"../../../Engine/Content/EngineSky/SM_SkySphere.uasset" 617
"../../../Engine/Content/EngineSky/BP_Sky_Sphere.uasset" 618
"../../../../../../Users/User/Documents/Unreal Projects/LockDown2/Content/computer_BP.uasset" 619
"../../../../../../Users/User/Documents/Unreal Projects/LockDown2/Content/DijecticActor_BP.uasset" 620
"../../../../../../Users/User/Documents/Unreal Projects/LockDown2/Content/FirstPersonCPP/Blueprints/Interactables/ExaminableInteractable_BP.uasset" 621
"../../../../../../Users/User/Documents/Unreal Projects/LockDown2/Content/Geometry/Meshes/1M_Cube_Chamfer.uasset" 622
"../../../../../../Users/User/Documents/Unreal Projects/LockDown2/Content/FirstPersonCPP/Blueprints/Interactables/PutBackVolumeActor_BP.uasset" 623
"../../../../../../Users/User/Documents/Unreal Projects/LockDown2/Content/FirstPersonExampleMap_BuiltData.uasset" 624
"../../../Engine/Content/Functions/Engine_MaterialFunctions03/Procedurals/ComputeFilterWidth.uasset" 625
"../../../Engine/Content/EngineMaterials/AntiAliasedTextMaterialTranslucent.uasset" 626
"../../../../../../Users/User/Documents/Unreal Projects/LockDown2/Content/FirstPerson/Meshes/CubeMaterialOverride.uasset" 627
"../../../Engine/Content/Functions/Engine_MaterialFunctions02/SplitComponents.uasset" 628
"../../../Engine/Content/Functions/Engine_MaterialFunctions02/Utility/VectorLength.uasset" 629
"../../../../../../Users/User/Documents/Unreal Projects/LockDown2/Content/Materials/MF_ConvolveTexture.uasset" 630
"../../../../../../Users/User/Documents/Unreal Projects/LockDown2/Content/Materials/MF_ExtractDepth.uasset" 631
"../../../../../../Users/User/Documents/Unreal Projects/LockDown2/Content/Materials/MF_SampleSceneTextureNeighbourUVs.uasset" 632
"../../../../../../Users/User/Documents/Unreal Projects/LockDown2/Content/Materials/PP_Outliner_M.uasset" 633
"../../../../../../Users/User/Documents/Unreal Projects/LockDown2/Content/Materials/PP_Outliner_Inst.uasset" 634
"../../../../../../Users/User/Documents/Unreal Projects/LockDown2/Content/Geometry/Meshes/1M_Cube.uasset" 635
"../../../../../../Users/User/Documents/Unreal Projects/LockDown2/Content/FirstPersonExampleMap.umap" 636
"../../../../../../Users/User/Documents/Unreal Projects/LockDown2/Content/Elevator_Door_Left.uasset" 637
"../../../../../../Users/User/Documents/Unreal Projects/LockDown2/Content/Elevator_Door_Right.uasset" 638
"../../../../../../Users/User/Documents/Unreal Projects/LockDown2/Content/Food_Replicator_Door_BP.uasset" 639
"../../../../../../Users/User/Documents/Unreal Projects/LockDown2/Content/RyansAnimationRoom_BuiltData.uasset" 640
"../../../../../../Users/User/Documents/Unreal Projects/LockDown2/Content/RyansAnimationRoom.umap" 641
"../../../../../../Users/User/Documents/Unreal Projects/LockDown2/Content/StarterContent/Blueprints/Assets/FogBrightnessLUT.uasset" 642
"../../../../../../Users/User/Documents/Unreal Projects/LockDown2/Content/StarterContent/Blueprints/Assets/SunlightColorLUT.uasset" 643
"../../../../../../Users/User/Documents/Unreal Projects/LockDown2/Content/StarterContent/Blueprints/Assets/M_LightStage_Arrows.uasset" 644
"../../../Engine/Content/MapTemplates/Sky/DaylightAmbientCubemap.uasset" 645
"../../../../../../Users/User/Documents/Unreal Projects/LockDown2/Content/StarterContent/Blueprints/Assets/M_LightStage_Skybox_Master.uasset" 646
"../../../../../../Users/User/Documents/Unreal Projects/LockDown2/Content/StarterContent/Blueprints/Assets/M_LightStage_Skybox_Black.uasset" 647
"../../../../../../Users/User/Documents/Unreal Projects/LockDown2/Content/StarterContent/Blueprints/Assets/M_LightStage_Skybox_HDRI.uasset" 648
"../../../Engine/Content/EditorMaterials/Thumbnails/SkySphereMaterial.uasset" 649
"../../../../../../Users/User/Documents/Unreal Projects/LockDown2/Content/StarterContent/Blueprints/Assets/Skybox.uasset" 650
"../../../../../../Users/User/Documents/Unreal Projects/LockDown2/Content/StarterContent/Blueprints/Assets/SM_Arrows.uasset" 651
"../../../../../../Users/User/Documents/Unreal Projects/LockDown2/Content/StarterContent/HDRI/HDRI_Epic_Courtyard_Daylight.uasset" 652
"../../../../../../Users/User/Documents/Unreal Projects/LockDown2/Content/StarterContent/Blueprints/BP_LightStudio.uasset" 653
"../../../../../../Users/User/Documents/Unreal Projects/LockDown2/Content/StarterContent/Maps/Advanced_Lighting_BuiltData.uasset" 654
"../../../../../../Users/User/Documents/Unreal Projects/LockDown2/Content/StarterContent/Materials/M_AssetPlatform.uasset" 655
"../../../Engine/Content/EditorMeshes/ColorCalibrator/M_ChromeBall.uasset" 656
"../../../Engine/Content/EditorMeshes/ColorCalibrator/M_ClearCoat.uasset" 657
"../../../Engine/Content/EditorMeshes/ColorCalibrator/M_ClearCoatBlack.uasset" 658
"../../../Engine/Content/EditorMeshes/ColorCalibrator/Color_checker.uasset" 659
"../../../Engine/Content/EditorMeshes/ColorCalibrator/M_ColorGrid.uasset" 660
"../../../Engine/Content/EditorMeshes/ColorCalibrator/M_GreyBall.uasset" 661
"../../../Engine/Content/EditorMeshes/ColorCalibrator/SM_ColorCalibrator.uasset" 662
"../../../../../../Users/User/Documents/Unreal Projects/LockDown2/Content/StarterContent/Architecture/SM_AssetPlatform.uasset" 663
"../../../../../../Users/User/Documents/Unreal Projects/LockDown2/Content/StarterContent/Maps/Advanced_Lighting.umap" 664
"../../../../../../Users/User/Documents/Unreal Projects/LockDown2/Content/StarterContent/Maps/Minimal_Default_BuiltData.uasset" 665
"../../../../../../Users/User/Documents/Unreal Projects/LockDown2/Content/StarterContent/Materials/M_Metal_Brushed_Nickel.uasset" 666
"../../../../../../Users/User/Documents/Unreal Projects/LockDown2/Content/StarterContent/Textures/T_Metal_Aluminum_D.uasset" 667
"../../../../../../Users/User/Documents/Unreal Projects/LockDown2/Content/StarterContent/Textures/T_Metal_Gold_N.uasset" 668
"../../../../../../Users/User/Documents/Unreal Projects/LockDown2/Content/StarterContent/Materials/M_Metal_Burnished_Steel.uasset" 669
"../../../../../../Users/User/Documents/Unreal Projects/LockDown2/Content/StarterContent/Textures/T_Metal_Copper_D.uasset" 670
"../../../../../../Users/User/Documents/Unreal Projects/LockDown2/Content/StarterContent/Materials/M_Metal_Copper.uasset" 671
"../../../../../../Users/User/Documents/Unreal Projects/LockDown2/Content/StarterContent/Textures/T_Statue_M.uasset" 672
"../../../../../../Users/User/Documents/Unreal Projects/LockDown2/Content/StarterContent/Textures/T_Statue_N.uasset" 673
"../../../../../../Users/User/Documents/Unreal Projects/LockDown2/Content/StarterContent/Props/Materials/M_StatueGlass.uasset" 674
"../../../../../../Users/User/Documents/Unreal Projects/LockDown2/Content/StarterContent/Architecture/Floor_400x400.uasset" 675
"../../../../../../Users/User/Documents/Unreal Projects/LockDown2/Content/StarterContent/Audio/Starter_Background_Cue.uasset" 676
"../../../../../../Users/User/Documents/Unreal Projects/LockDown2/Content/StarterContent/Props/Materials/M_Statue.uasset" 677
"../../../../../../Users/User/Documents/Unreal Projects/LockDown2/Content/StarterContent/Props/SM_Statue.uasset" 678
"../../../../../../Users/User/Documents/Unreal Projects/LockDown2/Content/StarterContent/Maps/Minimal_Default.umap" 679
"../../../../../../Users/User/Documents/Unreal Projects/LockDown2/Content/StarterContent/Audio/Fire01_Cue.uasset" 680
"../../../../../../Users/User/Documents/Unreal Projects/LockDown2/Content/StarterContent/Textures/T_Fire_SubUV.uasset" 681
"../../../../../../Users/User/Documents/Unreal Projects/LockDown2/Content/StarterContent/Textures/T_Fire_Tiled_D.uasset" 682
"../../../../../../Users/User/Documents/Unreal Projects/LockDown2/Content/StarterContent/Particles/Materials/M_Fire_SubUV.uasset" 683
"../../../../../../Users/User/Documents/Unreal Projects/LockDown2/Content/StarterContent/Textures/T_Water_N.uasset" 684
"../../../../../../Users/User/Documents/Unreal Projects/LockDown2/Content/StarterContent/Particles/Materials/M_Heat_Distortion.uasset" 685
"../../../../../../Users/User/Documents/Unreal Projects/LockDown2/Content/StarterContent/Particles/Materials/M_Radial_Gradient.uasset" 686
"../../../../../../Users/User/Documents/Unreal Projects/LockDown2/Content/StarterContent/Particles/P_Fire.uasset" 687
"../../../../../../Users/User/Documents/Unreal Projects/LockDown2/Content/StarterContent/Blueprints/Blueprint_Effect_Fire.uasset" 688
"../../../../../../Users/User/Documents/Unreal Projects/LockDown2/Content/StarterContent/Audio/Smoke01_Cue.uasset" 689
"../../../../../../Users/User/Documents/Unreal Projects/LockDown2/Content/StarterContent/Particles/P_Smoke.uasset" 690
"../../../../../../Users/User/Documents/Unreal Projects/LockDown2/Content/StarterContent/Blueprints/Blueprint_Effect_Smoke.uasset" 691
"../../../../../../Users/User/Documents/Unreal Projects/LockDown2/Content/StarterContent/Audio/Fire_Sparks01_Cue.uasset" 692
"../../../../../../Users/User/Documents/Unreal Projects/LockDown2/Content/StarterContent/Textures/T_Spark_Core.uasset" 693
"../../../../../../Users/User/Documents/Unreal Projects/LockDown2/Content/StarterContent/Particles/Materials/M_Spark.uasset" 694
"../../../../../../Users/User/Documents/Unreal Projects/LockDown2/Content/StarterContent/Particles/P_Sparks.uasset" 695
"../../../../../../Users/User/Documents/Unreal Projects/LockDown2/Content/StarterContent/Blueprints/Blueprint_Effect_Sparks.uasset" 696
"../../../../../../Users/User/Documents/Unreal Projects/LockDown2/Content/StarterContent/Audio/Steam01_Cue.uasset" 697
"../../../../../../Users/User/Documents/Unreal Projects/LockDown2/Content/StarterContent/Particles/P_Steam_Lit.uasset" 698
"../../../../../../Users/User/Documents/Unreal Projects/LockDown2/Content/StarterContent/Blueprints/Blueprint_Effect_Steam.uasset" 699
"../../../../../../Users/User/Documents/Unreal Projects/LockDown2/Content/StarterContent/Textures/T_Lamp_M.uasset" 700
"../../../../../../Users/User/Documents/Unreal Projects/LockDown2/Content/StarterContent/Textures/T_Lamp_N.uasset" 701
"../../../../../../Users/User/Documents/Unreal Projects/LockDown2/Content/StarterContent/Props/Materials/M_Lamp.uasset" 702
"../../../../../../Users/User/Documents/Unreal Projects/LockDown2/Content/StarterContent/Props/SM_Lamp_Ceiling.uasset" 703
"../../../../../../Users/User/Documents/Unreal Projects/LockDown2/Content/StarterContent/Blueprints/Blueprint_CeilingLight.uasset" 704
"../../../../../../Users/User/Documents/Unreal Projects/LockDown2/Content/StarterContent/Props/SM_Lamp_Wall.uasset" 705
"../../../../../../Users/User/Documents/Unreal Projects/LockDown2/Content/StarterContent/Blueprints/Blueprint_WallSconce.uasset" 706
"../../../../../../Users/User/Documents/Unreal Projects/LockDown2/Content/StarterContent/Maps/StarterMap_BuiltData.uasset" 707
"../../../../../../Users/User/Documents/Unreal Projects/LockDown2/Content/StarterContent/Textures/T_Brick_Clay_Beveled_D.uasset" 708
"../../../../../../Users/User/Documents/Unreal Projects/LockDown2/Content/StarterContent/Textures/T_Brick_Clay_Beveled_M.uasset" 709
"../../../../../../Users/User/Documents/Unreal Projects/LockDown2/Content/StarterContent/Textures/T_Brick_Clay_Beveled_N.uasset" 710
"../../../../../../Users/User/Documents/Unreal Projects/LockDown2/Content/StarterContent/Materials/M_Brick_Clay_Beveled.uasset" 711
"../../../../../../Users/User/Documents/Unreal Projects/LockDown2/Content/StarterContent/Textures/T_Brick_Clay_New_D.uasset" 712
"../../../../../../Users/User/Documents/Unreal Projects/LockDown2/Content/StarterContent/Textures/T_Brick_Clay_New_M.uasset" 713
"../../../../../../Users/User/Documents/Unreal Projects/LockDown2/Content/StarterContent/Textures/T_Brick_Clay_New_N.uasset" 714
"../../../../../../Users/User/Documents/Unreal Projects/LockDown2/Content/StarterContent/Materials/M_Brick_Clay_New.uasset" 715
"../../../../../../Users/User/Documents/Unreal Projects/LockDown2/Content/StarterContent/Textures/T_Brick_Clay_Old_D.uasset" 716
"../../../../../../Users/User/Documents/Unreal Projects/LockDown2/Content/StarterContent/Textures/T_Brick_Clay_Old_N.uasset" 717
"../../../../../../Users/User/Documents/Unreal Projects/LockDown2/Content/StarterContent/Materials/M_Brick_Clay_Old.uasset" 718
"../../../../../../Users/User/Documents/Unreal Projects/LockDown2/Content/StarterContent/Textures/T_Brick_Cut_Stone_D.uasset" 719
"../../../../../../Users/User/Documents/Unreal Projects/LockDown2/Content/StarterContent/Textures/T_Brick_Cut_Stone_N.uasset" 720
"../../../../../../Users/User/Documents/Unreal Projects/LockDown2/Content/StarterContent/Materials/M_Brick_Cut_Stone.uasset" 721
"../../../../../../Users/User/Documents/Unreal Projects/LockDown2/Content/StarterContent/Textures/T_Brick_Hewn_Stone_D.uasset" 722
"../../../../../../Users/User/Documents/Unreal Projects/LockDown2/Content/StarterContent/Textures/T_Brick_Hewn_Stone_M.uasset" 723
"../../../../../../Users/User/Documents/Unreal Projects/LockDown2/Content/StarterContent/Textures/T_Brick_Hewn_Stone_N.uasset" 724
"../../../../../../Users/User/Documents/Unreal Projects/LockDown2/Content/StarterContent/Materials/M_Brick_Hewn_Stone.uasset" 725
"../../../../../../Users/User/Documents/Unreal Projects/LockDown2/Content/StarterContent/Textures/T_Ceramic_Tile_M.uasset" 726
"../../../../../../Users/User/Documents/Unreal Projects/LockDown2/Content/StarterContent/Textures/T_Ceramic_Tile_N.uasset" 727
"../../../../../../Users/User/Documents/Unreal Projects/LockDown2/Content/StarterContent/Textures/T_Rock_Marble_Polished_D.uasset" 728
"../../../../../../Users/User/Documents/Unreal Projects/LockDown2/Content/StarterContent/Materials/M_Ceramic_Tile_Checker.uasset" 729
"../../../../../../Users/User/Documents/Unreal Projects/LockDown2/Content/StarterContent/Textures/T_CobbleStone_Pebble_D.uasset" 730
"../../../../../../Users/User/Documents/Unreal Projects/LockDown2/Content/StarterContent/Textures/T_CobbleStone_Pebble_M.uasset" 731
"../../../../../../Users/User/Documents/Unreal Projects/LockDown2/Content/StarterContent/Textures/T_CobbleStone_Pebble_N.uasset" 732
"../../../../../../Users/User/Documents/Unreal Projects/LockDown2/Content/StarterContent/Materials/M_CobbleStone_Pebble.uasset" 733
"../../../../../../Users/User/Documents/Unreal Projects/LockDown2/Content/StarterContent/Textures/T_CobbleStone_Rough_D.uasset" 734
"../../../../../../Users/User/Documents/Unreal Projects/LockDown2/Content/StarterContent/Textures/T_CobbleStone_Rough_N.uasset" 735
"../../../../../../Users/User/Documents/Unreal Projects/LockDown2/Content/StarterContent/Textures/T_Gradinet_01.uasset" 736
"../../../../../../Users/User/Documents/Unreal Projects/LockDown2/Content/StarterContent/Textures/T_Rock_Smooth_Granite_D.uasset" 737
"../../../../../../Users/User/Documents/Unreal Projects/LockDown2/Content/StarterContent/Materials/M_CobbleStone_Rough.uasset" 738
"../../../../../../Users/User/Documents/Unreal Projects/LockDown2/Content/StarterContent/Textures/T_CobbleStone_Smooth_D.uasset" 739
"../../../../../../Users/User/Documents/Unreal Projects/LockDown2/Content/StarterContent/Textures/T_CobbleStone_Smooth_M.uasset" 740
"../../../../../../Users/User/Documents/Unreal Projects/LockDown2/Content/StarterContent/Textures/T_CobbleStone_Smooth_N.uasset" 741
"../../../../../../Users/User/Documents/Unreal Projects/LockDown2/Content/StarterContent/Materials/M_CobbleStone_Smooth.uasset" 742
"../../../../../../Users/User/Documents/Unreal Projects/LockDown2/Content/StarterContent/Textures/T_Concrete_Grime_D.uasset" 743
"../../../../../../Users/User/Documents/Unreal Projects/LockDown2/Content/StarterContent/Textures/T_Metal_Rust_N.uasset" 744
"../../../../../../Users/User/Documents/Unreal Projects/LockDown2/Content/StarterContent/Materials/M_Concrete_Grime.uasset" 745
"../../../../../../Users/User/Documents/Unreal Projects/LockDown2/Content/StarterContent/Textures/T_Concrete_Panels_D.uasset" 746
"../../../../../../Users/User/Documents/Unreal Projects/LockDown2/Content/StarterContent/Textures/T_Concrete_Panels_N.uasset" 747
"../../../../../../Users/User/Documents/Unreal Projects/LockDown2/Content/StarterContent/Materials/M_Concrete_Panels.uasset" 748
"../../../../../../Users/User/Documents/Unreal Projects/LockDown2/Content/StarterContent/Textures/T_Concrete_Poured_D.uasset" 749
"../../../../../../Users/User/Documents/Unreal Projects/LockDown2/Content/StarterContent/Textures/T_Concrete_Poured_N.uasset" 750
"../../../../../../Users/User/Documents/Unreal Projects/LockDown2/Content/StarterContent/Materials/M_Concrete_Poured.uasset" 751
"../../../../../../Users/User/Documents/Unreal Projects/LockDown2/Content/StarterContent/Textures/T_Concrete_Tiles_D.uasset" 752
"../../../../../../Users/User/Documents/Unreal Projects/LockDown2/Content/StarterContent/Textures/T_Concrete_Tiles_M.uasset" 753
"../../../../../../Users/User/Documents/Unreal Projects/LockDown2/Content/StarterContent/Textures/T_Concrete_Tiles_N.uasset" 754
"../../../../../../Users/User/Documents/Unreal Projects/LockDown2/Content/StarterContent/Textures/T_Concrete_Tiles_Variation_M.uasset" 755
"../../../../../../Users/User/Documents/Unreal Projects/LockDown2/Content/StarterContent/Materials/M_Concrete_Tiles.uasset" 756
"../../../../../../Users/User/Documents/Unreal Projects/LockDown2/Content/StarterContent/Textures/T_Ground_Grass_D.uasset" 757
"../../../../../../Users/User/Documents/Unreal Projects/LockDown2/Content/StarterContent/Textures/T_Ground_Grass_N.uasset" 758
"../../../../../../Users/User/Documents/Unreal Projects/LockDown2/Content/StarterContent/Materials/M_Ground_Grass.uasset" 759
"../../../../../../Users/User/Documents/Unreal Projects/LockDown2/Content/StarterContent/Textures/T_Ground_Gravel_D.uasset" 760
"../../../../../../Users/User/Documents/Unreal Projects/LockDown2/Content/StarterContent/Textures/T_Ground_Gravel_N.uasset" 761
"../../../../../../Users/User/Documents/Unreal Projects/LockDown2/Content/StarterContent/Materials/M_Ground_Gravel.uasset" 762
"../../../../../../Users/User/Documents/Unreal Projects/LockDown2/Content/StarterContent/Textures/T_ground_Moss_D.uasset" 763
"../../../../../../Users/User/Documents/Unreal Projects/LockDown2/Content/StarterContent/Textures/T_Ground_Moss_N.uasset" 764
"../../../../../../Users/User/Documents/Unreal Projects/LockDown2/Content/StarterContent/Materials/M_Ground_Moss.uasset" 765
"../../../../../../Users/User/Documents/Unreal Projects/LockDown2/Content/StarterContent/Textures/T_Metal_Gold_D.uasset" 766
"../../../../../../Users/User/Documents/Unreal Projects/LockDown2/Content/StarterContent/Materials/M_Metal_Gold.uasset" 767
"../../../../../../Users/User/Documents/Unreal Projects/LockDown2/Content/StarterContent/Textures/T_Metal_Rust_D.uasset" 768
"../../../../../../Users/User/Documents/Unreal Projects/LockDown2/Content/StarterContent/Materials/M_Metal_Rust.uasset" 769
"../../../../../../Users/User/Documents/Unreal Projects/LockDown2/Content/StarterContent/Textures/T_Rock_Basalt_N.uasset" 770
"../../../../../../Users/User/Documents/Unreal Projects/LockDown2/Content/StarterContent/Materials/M_Rock_Basalt.uasset" 771
"../../../../../../Users/User/Documents/Unreal Projects/LockDown2/Content/StarterContent/Materials/M_Rock_Marble_Polished.uasset" 772
"../../../../../../Users/User/Documents/Unreal Projects/LockDown2/Content/StarterContent/Textures/T_Rock_Sandstone_D.uasset" 773
"../../../../../../Users/User/Documents/Unreal Projects/LockDown2/Content/StarterContent/Textures/T_Rock_Sandstone_N.uasset" 774
"../../../../../../Users/User/Documents/Unreal Projects/LockDown2/Content/StarterContent/Materials/M_Rock_Sandstone.uasset" 775
"../../../../../../Users/User/Documents/Unreal Projects/LockDown2/Content/StarterContent/Textures/T_Rock_Slate_D.uasset" 776
"../../../../../../Users/User/Documents/Unreal Projects/LockDown2/Content/StarterContent/Textures/T_Rock_Slate_N.uasset" 777
"../../../../../../Users/User/Documents/Unreal Projects/LockDown2/Content/StarterContent/Materials/M_Rock_Slate.uasset" 778
"../../../../../../Users/User/Documents/Unreal Projects/LockDown2/Content/StarterContent/Textures/T_Checker_Noise_M.uasset" 779
"../../../../../../Users/User/Documents/Unreal Projects/LockDown2/Content/StarterContent/Textures/T_Single_Tile_N.uasset" 780
"../../../../../../Users/User/Documents/Unreal Projects/LockDown2/Content/StarterContent/Textures/T_Tech_Dot_M.uasset" 781
"../../../../../../Users/User/Documents/Unreal Projects/LockDown2/Content/StarterContent/Textures/T_Tech_Dot_N.uasset" 782
"../../../../../../Users/User/Documents/Unreal Projects/LockDown2/Content/StarterContent/Materials/M_Tech_Checker_Dot.uasset" 783
"../../../../../../Users/User/Documents/Unreal Projects/LockDown2/Content/StarterContent/Materials/M_Tech_Hex_Tile.uasset" 784
"../../../../../../Users/User/Documents/Unreal Projects/LockDown2/Content/StarterContent/Textures/T_Tech_Panel_M.uasset" 785
"../../../../../../Users/User/Documents/Unreal Projects/LockDown2/Content/StarterContent/Textures/T_Tech_Panel_N.uasset" 786
"../../../../../../Users/User/Documents/Unreal Projects/LockDown2/Content/StarterContent/Materials/M_Tech_Panel.uasset" 787
"../../../../../../Users/User/Documents/Unreal Projects/LockDown2/Content/StarterContent/Materials/M_Water_Lake.uasset" 788
"../../../../../../Users/User/Documents/Unreal Projects/LockDown2/Content/StarterContent/Textures/T_Water_M.uasset" 789
"../../../../../../Users/User/Documents/Unreal Projects/LockDown2/Content/StarterContent/Materials/M_Water_Ocean.uasset" 790
"../../../Engine/Content/Functions/Engine_MaterialFunctions01/Opacity/AlphaOffset.uasset" 791
"../../../../../../Users/User/Documents/Unreal Projects/LockDown2/Content/StarterContent/Materials/M_Wood_Floor_Walnut_Worn.uasset" 792
"../../../../../../Users/User/Documents/Unreal Projects/LockDown2/Content/StarterContent/Textures/T_Wood_Oak_D.uasset" 793
"../../../../../../Users/User/Documents/Unreal Projects/LockDown2/Content/StarterContent/Textures/T_Wood_Oak_N.uasset" 794
"../../../../../../Users/User/Documents/Unreal Projects/LockDown2/Content/StarterContent/Materials/M_Wood_Oak.uasset" 795
"../../../../../../Users/User/Documents/Unreal Projects/LockDown2/Content/StarterContent/Textures/T_Wood_Pine_D.uasset" 796
"../../../../../../Users/User/Documents/Unreal Projects/LockDown2/Content/StarterContent/Textures/T_Wood_Pine_N.uasset" 797
"../../../../../../Users/User/Documents/Unreal Projects/LockDown2/Content/StarterContent/Materials/M_Wood_Pine.uasset" 798
"../../../../../../Users/User/Documents/Unreal Projects/LockDown2/Content/StarterContent/Architecture/Wall_400x200.uasset" 799
"../../../../../../Users/User/Documents/Unreal Projects/LockDown2/Content/StarterContent/Architecture/Wall_Door_400x300.uasset" 800
"../../../../../../Users/User/Documents/Unreal Projects/LockDown2/Content/StarterContent/Architecture/Wall_Window_400x300.uasset" 801
"../../../../../../Users/User/Documents/Unreal Projects/LockDown2/Content/StarterContent/Audio/Collapse_Cue.uasset" 802
"../../../../../../Users/User/Documents/Unreal Projects/LockDown2/Content/StarterContent/Audio/Starter_Music_Cue.uasset" 803
"../../../../../../Users/User/Documents/Unreal Projects/LockDown2/Content/StarterContent/Textures/T_Dust_Particle_D.uasset" 804
"../../../../../../Users/User/Documents/Unreal Projects/LockDown2/Content/StarterContent/Particles/Materials/M_Dust_Particle.uasset" 805
"../../../../../../Users/User/Documents/Unreal Projects/LockDown2/Content/StarterContent/Particles/P_Ambient_Dust.uasset" 806
"../../../../../../Users/User/Documents/Unreal Projects/LockDown2/Content/StarterContent/Props/MaterialSphere.uasset" 807
"../../../../../../Users/User/Documents/Unreal Projects/LockDown2/Content/StarterContent/Props/SM_DoorFrame.uasset" 808
"../../../../../../Users/User/Documents/Unreal Projects/LockDown2/Content/StarterContent/Props/SM_GlassWindow.uasset" 809
"../../../../../../Users/User/Documents/Unreal Projects/LockDown2/Content/StarterContent/Props/SM_PillarFrame.uasset" 810
"../../../../../../Users/User/Documents/Unreal Projects/LockDown2/Content/StarterContent/Props/SM_PillarFrame300.uasset" 811
"../../../../../../Users/User/Documents/Unreal Projects/LockDown2/Content/StarterContent/Shapes/Shape_Cube.uasset" 812
"../../../../../../Users/User/Documents/Unreal Projects/LockDown2/Content/StarterContent/Shapes/Shape_QuadPyramid.uasset" 813
"../../../../../../Users/User/Documents/Unreal Projects/LockDown2/Content/StarterContent/Shapes/Shape_Sphere.uasset" 814
"../../../../../../Users/User/Documents/Unreal Projects/LockDown2/Content/StarterContent/Maps/StarterMap.umap" 815
"../../../Engine/Content/Maps/Entry_BuiltData.uasset" 816
"../../../Engine/Content/Maps/Entry.umap" 817
